{"meta": {"format": 3, "version": "7.15.4", "timestamp": "2026-08-13T14:25:58.047165", "branch_coverage": false, "show_contexts": false}, "files": {"services/control-plane/app/agent/agent_runner.py": {"executed_lines": [1, 2, 4, 5, 7, 8, 9, 12, 15, 18, 21, 24, 27, 28, 29, 30, 31, 32, 35, 36, 37, 38, 40, 41, 42, 44, 49, 51, 54, 55, 56, 57, 59, 60, 67, 68, 69, 82, 94, 95, 96, 97, 104, 106, 107, 111, 114, 115, 118, 119, 120, 123], "summary": {"covered_lines": 52, "num_statements": 59, "percent_covered": 88.13559322033899, "percent_covered_display": "88", "missing_lines": 7, "excluded_lines": 0, "percent_statements_covered": 88.13559322033899, "percent_statements_covered_display": "88"}, "missing_lines": [126, 130, 132, 133, 135, 136, 138], "excluded_lines": [], "functions": {"get_investigation_checkpoint": {"executed_lines": [27, 28, 29, 30, 31, 32], "summary": {"covered_lines": 6, "num_statements": 6, "percent_covered": 100.0, "percent_covered_display": "100", "missing_lines": 0, "excluded_lines": 0, "percent_statements_covered": 100.0, "percent_statements_covered_display": "100"}, "missing_lines": [], "excluded_lines": [], "start_line": 24}, "save_investigation_checkpoint": {"executed_lines": [36, 37, 38, 40, 41, 42, 44, 49, 51, 54, 55, 56, 57, 59, 60, 67, 68, 69, 82, 94, 95, 96, 97, 104, 106, 107, 111], "summary": {"covered_lines": 27, "num_statements": 27, "percent_covered": 100.0, "percent_covered_display": "100", "missing_lines": 0, "excluded_lines": 0, "percent_statements_covered": 100.0, "percent_statements_covered_display": "100"}, "missing_lines": [], "excluded_lines": [], "start_line": 35}, "execute_investigation": {"executed_lines": [115, 118, 119, 120], "summary": {"covered_lines": 4, "num_statements": 4, "percent_covered": 100.0, "percent_covered_display": "100", "missing_lines": 0, "excluded_lines": 0, "percent_statements_covered": 100.0, "percent_statements_covered_display": "100"}, "missing_lines": [], "excluded_lines": [], "start_line": 114}, "stream_investigation_events": {"executed_lines": [], "summary": {"covered_lines": 0, "num_statements": 7, "percent_covered": 0.0, "percent_covered_display": "0", "missing_lines": 7, "excluded_lines": 0, "percent_statements_covered": 0.0, "percent_statements_covered_display": "0"}, "missing_lines": [126, 130, 132, 133, 135, 136, 138], "excluded_lines": [], "start_line": 123}, "": {"executed_lines": [1, 2, 4, 5, 7, 8, 9, 12, 15, 18, 21, 24, 35, 114, 123], "summary": {"covered_lines": 15, "num_statements": 15, "percent_covered": 100.0, "percent_covered_display": "100", "missing_lines": 0, "excluded_lines": 0, "percent_statements_covered": 100.0, "percent_statements_covered_display": "100"}, "missing_lines": [], "excluded_lines": [], "start_line": 1}}, "classes": {"": {"executed_lines": [1, 2, 4, 5, 7, 8, 9, 12, 15, 18, 21, 24, 27, 28, 29, 30, 31, 32, 35, 36, 37, 38, 40, 41, 42, 44, 49, 51, 54, 55, 56, 57, 59, 60, 67, 68, 69, 82, 94, 95, 96, 97, 104, 106, 107, 111, 114, 115, 118, 119, 120, 123], "summary": {"covered_lines": 52, "num_statements": 59, "percent_covered": 88.13559322033899, "percent_covered_display": "88", "missing_lines": 7, "excluded_lines": 0, "percent_statements_covered": 88.13559322033899, "percent_statements_covered_display": "88"}, "missing_lines": [126, 130, 132, 133, 135, 136, 138], "excluded_lines": [], "start_line": 1}}}, "services/control-plane/app/agent/graph.py": {"executed_lines": [1, 2, 3, 5, 6, 7, 8, 9, 10, 12, 13, 15, 16, 17, 20, 21, 23, 24, 25, 26, 27, 28, 29, 30, 31, 32, 33, 34, 36, 37, 38, 39, 44, 45, 46, 47, 48, 49, 57, 60, 64, 67, 68, 70, 71, 73, 74, 76, 77, 79, 80, 82, 83, 85, 86, 88, 89, 91, 92, 94, 95, 96, 97, 98, 99, 100, 101, 102, 104, 115, 116, 118, 119, 125, 130, 131, 135, 136, 137, 142, 147, 148, 151, 155, 156, 158, 162, 163], "summary": {"covered_lines": 88, "num_statements": 101, "percent_covered": 87.12871287128714, "percent_covered_display": "87", "missing_lines": 13, "excluded_lines": 0, "percent_statements_covered": 87.12871287128714, "percent_statements_covered_display": "87"}, "missing_lines": [22, 35, 51, 54, 165, 166, 167, 168, 169, 170, 171, 172, 173], "excluded_lines": [], "functions": {"route_next_node": {"executed_lines": [21, 23, 24, 25, 26, 27, 28, 29, 30, 31, 32, 33, 34, 36, 37, 38, 39, 44, 45, 46, 47, 48, 49], "summary": {"covered_lines": 23, "num_statements": 27, "percent_covered": 85.18518518518519, "percent_covered_display": "85", "missing_lines": 4, "excluded_lines": 0, "percent_statements_covered": 85.18518518518519, "percent_statements_covered_display": "85"}, "missing_lines": [22, 35, 51, 54], "excluded_lines": [], "start_line": 20}, "create_agent_graph": {"executed_lines": [64, 67, 70, 73, 76, 79, 82, 85, 88, 91, 94, 95, 96, 97, 98, 99, 100, 101, 102, 104, 115, 116, 118, 119], "summary": {"covered_lines": 24, "num_statements": 24, "percent_covered": 100.0, "percent_covered_display": "100", "missing_lines": 0, "excluded_lines": 0, "percent_statements_covered": 100.0, "percent_statements_covered_display": "100"}, "missing_lines": [], "excluded_lines": [], "start_line": 60}, "create_agent_graph._triage": {"executed_lines": [68], "summary": {"covered_lines": 1, "num_statements": 1, "percent_covered": 100.0, "percent_covered_display": "100", "missing_lines": 0, "excluded_lines": 0, "percent_statements_covered": 100.0, "percent_statements_covered_display": "100"}, "missing_lines": [], "excluded_lines": [], "start_line": 67}, "create_agent_graph._telemetry": {"executed_lines": [71], "summary": {"covered_lines": 1, "num_statements": 1, "percent_covered": 100.0, "percent_covered_display": "100", "missing_lines": 0, "excluded_lines": 0, "percent_statements_covered": 100.0, "percent_statements_covered_display": "100"}, "missing_lines": [], "excluded_lines": [], "start_line": 70}, "create_agent_graph._knowledge": {"executed_lines": [74], "summary": {"covered_lines": 1, "num_statements": 1, "percent_covered": 100.0, "percent_covered_display": "100", "missing_lines": 0, "excluded_lines": 0, "percent_statements_covered": 100.0, "percent_statements_covered_display": "100"}, "missing_lines": [], "excluded_lines": [], "start_line": 73}, "create_agent_graph._hypothesis": {"executed_lines": [77], "summary": {"covered_lines": 1, "num_statements": 1, "percent_covered": 100.0, "percent_covered_display": "100", "missing_lines": 0, "excluded_lines": 0, "percent_statements_covered": 100.0, "percent_statements_covered_display": "100"}, "missing_lines": [], "excluded_lines": [], "start_line": 76}, "create_agent_graph._skeptic": {"executed_lines": [80], "summary": {"covered_lines": 1, "num_statements": 1, "percent_covered": 100.0, "percent_covered_display": "100", "missing_lines": 0, "excluded_lines": 0, "percent_statements_covered": 100.0, "percent_statements_covered_display": "100"}, "missing_lines": [], "excluded_lines": [], "start_line": 79}, "create_agent_graph._rca": {"executed_lines": [83], "summary": {"covered_lines": 1, "num_statements": 1, "percent_covered": 100.0, "percent_covered_display": "100", "missing_lines": 0, "excluded_lines": 0, "percent_statements_covered": 100.0, "percent_statements_covered_display": "100"}, "missing_lines": [], "excluded_lines": [], "start_line": 82}, "create_agent_graph._remediation": {"executed_lines": [86], "summary": {"covered_lines": 1, "num_statements": 1, "percent_covered": 100.0, "percent_covered_display": "100", "missing_lines": 0, "excluded_lines": 0, "percent_statements_covered": 100.0, "percent_statements_covered_display": "100"}, "missing_lines": [], "excluded_lines": [], "start_line": 85}, "create_agent_graph._human_review": {"executed_lines": [89], "summary": {"covered_lines": 1, "num_statements": 1, "percent_covered": 100.0, "percent_covered_display": "100", "missing_lines": 0, "excluded_lines": 0, "percent_statements_covered": 100.0, "percent_statements_covered_display": "100"}, "missing_lines": [], "excluded_lines": [], "start_line": 88}, "create_agent_graph._outcome": {"executed_lines": [92], "summary": {"covered_lines": 1, "num_statements": 1, "percent_covered": 100.0, "percent_covered_display": "100", "missing_lines": 0, "excluded_lines": 0, "percent_statements_covered": 100.0, "percent_statements_covered_display": "100"}, "missing_lines": [], "excluded_lines": [], "start_line": 91}, "_invoke_with_checkpointer": {"executed_lines": [130, 131, 135, 136, 137, 142, 147, 148], "summary": {"covered_lines": 8, "num_statements": 8, "percent_covered": 100.0, "percent_covered_display": "100", "missing_lines": 0, "excluded_lines": 0, "percent_statements_covered": 100.0, "percent_statements_covered_display": "100"}, "missing_lines": [], "excluded_lines": [], "start_line": 125}, "run_investigation_workflow": {"executed_lines": [155, 156, 158, 162, 163], "summary": {"covered_lines": 5, "num_statements": 14, "percent_covered": 35.714285714285715, "percent_covered_display": "36", "missing_lines": 9, "excluded_lines": 0, "percent_statements_covered": 35.714285714285715, "percent_statements_covered_display": "36"}, "missing_lines": [165, 166, 167, 168, 169, 170, 171, 172, 173], "excluded_lines": [], "start_line": 151}, "": {"executed_lines": [1, 2, 3, 5, 6, 7, 8, 9, 10, 12, 13, 15, 16, 17, 20, 57, 60, 125, 151], "summary": {"covered_lines": 19, "num_statements": 19, "percent_covered": 100.0, "percent_covered_display": "100", "missing_lines": 0, "excluded_lines": 0, "percent_statements_covered": 100.0, "percent_statements_covered_display": "100"}, "missing_lines": [], "excluded_lines": [], "start_line": 1}}, "classes": {"": {"executed_lines": [1, 2, 3, 5, 6, 7, 8, 9, 10, 12, 13, 15, 16, 17, 20, 21, 23, 24, 25, 26, 27, 28, 29, 30, 31, 32, 33, 34, 36, 37, 38, 39, 44, 45, 46, 47, 48, 49, 57, 60, 64, 67, 68, 70, 71, 73, 74, 76, 77, 79, 80, 82, 83, 85, 86, 88, 89, 91, 92, 94, 95, 96, 97, 98, 99, 100, 101, 102, 104, 115, 116, 118, 119, 125, 130, 131, 135, 136, 137, 142, 147, 148, 151, 155, 156, 158, 162, 163], "summary": {"covered_lines": 88, "num_statements": 101, "percent_covered": 87.12871287128714, "percent_covered_display": "87", "missing_lines": 13, "excluded_lines": 0, "percent_statements_covered": 87.12871287128714, "percent_statements_covered_display": "87"}, "missing_lines": [22, 35, 51, 54, 165, 166, 167, 168, 169, 170, 171, 172, 173], "excluded_lines": [], "start_line": 1}}}, "services/control-plane/app/agent/llm_factory.py": {"executed_lines": [17, 19, 20, 22, 23, 24, 26, 28, 31, 33, 34, 35, 36, 38, 39, 42, 54, 64, 66, 67, 75, 76, 77, 93], "summary": {"covered_lines": 24, "num_statements": 37, "percent_covered": 64.86486486486487, "percent_covered_display": "65", "missing_lines": 13, "excluded_lines": 0, "percent_statements_covered": 64.86486486486487, "percent_statements_covered_display": "65"}, "missing_lines": [37, 55, 59, 60, 68, 69, 83, 84, 85, 86, 102, 103, 107], "excluded_lines": [], "functions": {"is_mock_mode": {"executed_lines": [33, 34, 35, 36, 38, 39], "summary": {"covered_lines": 6, "num_statements": 7, "percent_covered": 85.71428571428571, "percent_covered_display": "86", "missing_lines": 1, "excluded_lines": 0, "percent_statements_covered": 85.71428571428571, "percent_statements_covered_display": "86"}, "missing_lines": [37], "excluded_lines": [], "start_line": 31}, "get_chat_model": {"executed_lines": [54, 64, 66, 67, 75, 76, 77], "summary": {"covered_lines": 7, "num_statements": 16, "percent_covered": 43.75, "percent_covered_display": "44", "missing_lines": 9, "excluded_lines": 0, "percent_statements_covered": 43.75, "percent_statements_covered_display": "44"}, "missing_lines": [55, 59, 60, 68, 69, 83, 84, 85, 86], "excluded_lines": [], "start_line": 42}, "get_structured_chat_model": {"executed_lines": [], "summary": {"covered_lines": 0, "num_statements": 3, "percent_covered": 0.0, "percent_covered_display": "0", "missing_lines": 3, "excluded_lines": 0, "percent_statements_covered": 0.0, "percent_statements_covered_display": "0"}, "missing_lines": [102, 103, 107], "excluded_lines": [], "start_line": 93}, "": {"executed_lines": [17, 19, 20, 22, 23, 24, 26, 28, 31, 42, 93], "summary": {"covered_lines": 11, "num_statements": 11, "percent_covered": 100.0, "percent_covered_display": "100", "missing_lines": 0, "excluded_lines": 0, "percent_statements_covered": 100.0, "percent_statements_covered_display": "100"}, "missing_lines": [], "excluded_lines": [], "start_line": 1}}, "classes": {"": {"executed_lines": [17, 19, 20, 22, 23, 24, 26, 28, 31, 33, 34, 35, 36, 38, 39, 42, 54, 64, 66, 67, 75, 76, 77, 93], "summary": {"covered_lines": 24, "num_statements": 37, "percent_covered": 64.86486486486487, "percent_covered_display": "65", "missing_lines": 13, "excluded_lines": 0, "percent_statements_covered": 64.86486486486487, "percent_statements_covered_display": "65"}, "missing_lines": [37, 55, 59, 60, 68, 69, 83, 84, 85, 86, 102, 103, 107], "excluded_lines": [], "start_line": 1}}}, "services/control-plane/app/agent/nodes.py": {"executed_lines": [1, 2, 3, 5, 6, 8, 9, 16, 17, 18, 19, 22, 23, 24, 25, 27, 28, 29, 30, 33, 35, 43, 46, 57, 60, 66, 67, 68, 70, 71, 73, 75, 76, 77, 80, 83, 143, 145, 157, 160, 163, 164, 165, 167, 168, 169, 171, 179, 181, 189, 192, 195, 196, 197, 199, 201, 206, 209, 218, 249, 262, 265, 275, 276, 277, 279, 280, 283, 288, 289, 290, 291, 294, 300, 301, 341, 356, 359, 362, 363, 364, 366, 368, 369, 370, 371, 414, 415, 417, 425, 428, 434, 435, 436, 437, 438, 439, 440, 441, 442, 443, 444, 445, 446, 448, 450, 453, 456, 459, 467, 470, 473, 477, 478, 480, 485, 488, 490, 491, 493, 495, 497, 499, 502, 505, 506, 507, 509, 510, 511, 513, 521, 522, 523, 575, 576, 578, 586, 589, 592, 593, 594, 596, 597, 598, 606, 609, 612, 613, 614, 616, 618, 626, 631, 632, 633, 639, 641, 649], "summary": {"covered_lines": 159, "num_statements": 236, "percent_covered": 67.37288135593221, "percent_covered_display": "67", "missing_lines": 77, "excluded_lines": 0, "percent_statements_covered": 67.37288135593221, "percent_statements_covered_display": "67"}, "missing_lines": [102, 104, 105, 114, 115, 118, 119, 121, 122, 125, 129, 130, 132, 133, 134, 135, 136, 138, 139, 221, 222, 236, 237, 244, 245, 246, 247, 281, 295, 296, 307, 309, 313, 314, 329, 330, 336, 337, 382, 383, 397, 398, 405, 451, 452, 454, 455, 457, 458, 465, 466, 468, 469, 471, 472, 474, 475, 492, 494, 496, 498, 541, 542, 558, 559, 566, 567, 568, 569, 571, 572, 573, 619, 620, 634, 635, 637], "excluded_lines": [], "functions": {"triage_node": {"executed_lines": [23, 24, 25, 27, 28, 29, 30, 33, 35, 43], "summary": {"covered_lines": 10, "num_statements": 10, "percent_covered": 100.0, "percent_covered_display": "100", "missing_lines": 0, "excluded_lines": 0, "percent_statements_covered": 100.0, "percent_statements_covered_display": "100"}, "missing_lines": [], "excluded_lines": [], "start_line": 22}, "telemetry_investigator_node": {"executed_lines": [57, 60, 66, 67, 68, 70, 71, 73, 75, 76, 77, 80, 83, 143, 145, 157], "summary": {"covered_lines": 16, "num_statements": 35, "percent_covered": 45.714285714285715, "percent_covered_display": "46", "missing_lines": 19, "excluded_lines": 0, "percent_statements_covered": 45.714285714285715, "percent_statements_covered_display": "46"}, "missing_lines": [102, 104, 105, 114, 115, 118, 119, 121, 122, 125, 129, 130, 132, 133, 134, 135, 136, 138, 139], "excluded_lines": [], "start_line": 46}, "knowledge_investigator_node": {"executed_lines": [163, 164, 165, 167, 168, 169, 171, 179, 181, 189], "summary": {"covered_lines": 10, "num_statements": 10, "percent_covered": 100.0, "percent_covered_display": "100", "missing_lines": 0, "excluded_lines": 0, "percent_statements_covered": 100.0, "percent_statements_covered_display": "100"}, "missing_lines": [], "excluded_lines": [], "start_line": 160}, "hypothesis_generator_node": {"executed_lines": [195, 196, 197, 199, 201, 206, 209, 218, 249, 262], "summary": {"covered_lines": 10, "num_statements": 18, "percent_covered": 55.55555555555556, "percent_covered_display": "56", "missing_lines": 8, "excluded_lines": 0, "percent_statements_covered": 55.55555555555556, "percent_statements_covered_display": "56"}, "missing_lines": [221, 222, 236, 237, 244, 245, 246, 247], "excluded_lines": [], "start_line": 192}, "skeptic_verifier_node": {"executed_lines": [275, 276, 277, 279, 280, 283, 288, 289, 290, 291, 294, 300, 301, 341, 356], "summary": {"covered_lines": 15, "num_statements": 26, "percent_covered": 57.69230769230769, "percent_covered_display": "58", "missing_lines": 11, "excluded_lines": 0, "percent_statements_covered": 57.69230769230769, "percent_statements_covered_display": "58"}, "missing_lines": [281, 295, 296, 307, 309, 313, 314, 329, 330, 336, 337], "excluded_lines": [], "start_line": 265}, "rca_synthesizer_node": {"executed_lines": [362, 363, 364, 366, 368, 369, 370, 371, 414, 415, 417, 425], "summary": {"covered_lines": 12, "num_statements": 17, "percent_covered": 70.58823529411765, "percent_covered_display": "71", "missing_lines": 5, "excluded_lines": 0, "percent_statements_covered": 70.58823529411765, "percent_statements_covered_display": "71"}, "missing_lines": [382, 383, 397, 398, 405], "excluded_lines": [], "start_line": 359}, "_infer_hypothesis_from_evidence": {"executed_lines": [434, 435, 436, 437, 438, 439, 440, 441, 442, 443, 444, 445, 446, 448, 450, 453, 456, 459, 467, 470, 473, 477, 478, 480, 485], "summary": {"covered_lines": 25, "num_statements": 39, "percent_covered": 64.1025641025641, "percent_covered_display": "64", "missing_lines": 14, "excluded_lines": 0, "percent_statements_covered": 64.1025641025641, "percent_statements_covered_display": "64"}, "missing_lines": [451, 452, 454, 455, 457, 458, 465, 466, 468, 469, 471, 472, 474, 475], "excluded_lines": [], "start_line": 428}, "_infer_remediation_action": {"executed_lines": [490, 491, 493, 495, 497, 499], "summary": {"covered_lines": 6, "num_statements": 10, "percent_covered": 60.0, "percent_covered_display": "60", "missing_lines": 4, "excluded_lines": 0, "percent_statements_covered": 60.0, "percent_statements_covered_display": "60"}, "missing_lines": [492, 494, 496, 498], "excluded_lines": [], "start_line": 488}, "remediation_planner_node": {"executed_lines": [505, 506, 507, 509, 510, 511, 513, 521, 522, 523, 575, 576, 578, 586], "summary": {"covered_lines": 14, "num_statements": 25, "percent_covered": 56.0, "percent_covered_display": "56", "missing_lines": 11, "excluded_lines": 0, "percent_statements_covered": 56.0, "percent_statements_covered_display": "56"}, "missing_lines": [541, 542, 558, 559, 566, 567, 568, 569, 571, 572, 573], "excluded_lines": [], "start_line": 502}, "human_review_gate_node": {"executed_lines": [592, 593, 594, 596, 597, 598, 606], "summary": {"covered_lines": 7, "num_statements": 7, "percent_covered": 100.0, "percent_covered_display": "100", "missing_lines": 0, "excluded_lines": 0, "percent_statements_covered": 100.0, "percent_statements_covered_display": "100"}, "missing_lines": [], "excluded_lines": [], "start_line": 589}, "outcome_verifier_node": {"executed_lines": [612, 613, 614, 616, 618, 626, 631, 632, 633, 639, 641, 649], "summary": {"covered_lines": 12, "num_statements": 17, "percent_covered": 70.58823529411765, "percent_covered_display": "71", "missing_lines": 5, "excluded_lines": 0, "percent_statements_covered": 70.58823529411765, "percent_statements_covered_display": "71"}, "missing_lines": [619, 620, 634, 635, 637], "excluded_lines": [], "start_line": 609}, "": {"executed_lines": [1, 2, 3, 5, 6, 8, 9, 16, 17, 18, 19, 22, 46, 160, 192, 265, 359, 428, 488, 502, 589, 609], "summary": {"covered_lines": 22, "num_statements": 22, "percent_covered": 100.0, "percent_covered_display": "100", "missing_lines": 0, "excluded_lines": 0, "percent_statements_covered": 100.0, "percent_statements_covered_display": "100"}, "missing_lines": [], "excluded_lines": [], "start_line": 1}}, "classes": {"": {"executed_lines": [1, 2, 3, 5, 6, 8, 9, 16, 17, 18, 19, 22, 23, 24, 25, 27, 28, 29, 30, 33, 35, 43, 46, 57, 60, 66, 67, 68, 70, 71, 73, 75, 76, 77, 80, 83, 143, 145, 157, 160, 163, 164, 165, 167, 168, 169, 171, 179, 181, 189, 192, 195, 196, 197, 199, 201, 206, 209, 218, 249, 262, 265, 275, 276, 277, 279, 280, 283, 288, 289, 290, 291, 294, 300, 301, 341, 356, 359, 362, 363, 364, 366, 368, 369, 370, 371, 414, 415, 417, 425, 428, 434, 435, 436, 437, 438, 439, 440, 441, 442, 443, 444, 445, 446, 448, 450, 453, 456, 459, 467, 470, 473, 477, 478, 480, 485, 488, 490, 491, 493, 495, 497, 499, 502, 505, 506, 507, 509, 510, 511, 513, 521, 522, 523, 575, 576, 578, 586, 589, 592, 593, 594, 596, 597, 598, 606, 609, 612, 613, 614, 616, 618, 626, 631, 632, 633, 639, 641, 649], "summary": {"covered_lines": 159, "num_statements": 236, "percent_covered": 67.37288135593221, "percent_covered_display": "67", "missing_lines": 77, "excluded_lines": 0, "percent_statements_covered": 67.37288135593221, "percent_statements_covered_display": "67"}, "missing_lines": [102, 104, 105, 114, 115, 118, 119, 121, 122, 125, 129, 130, 132, 133, 134, 135, 136, 138, 139, 221, 222, 236, 237, 244, 245, 246, 247, 281, 295, 296, 307, 309, 313, 314, 329, 330, 336, 337, 382, 383, 397, 398, 405, 451, 452, 454, 455, 457, 458, 465, 466, 468, 469, 471, 472, 474, 475, 492, 494, 496, 498, 541, 542, 558, 559, 566, 567, 568, 569, 571, 572, 573, 619, 620, 634, 635, 637], "excluded_lines": [], "start_line": 1}}}, "services/control-plane/app/agent/state.py": {"executed_lines": [1, 2, 4, 7, 13, 14, 17, 23, 24, 27, 32, 33, 36, 40, 41, 42, 43, 46, 48, 49, 50, 51, 52, 53, 54, 55, 56, 57, 60, 61, 62], "summary": {"covered_lines": 31, "num_statements": 31, "percent_covered": 100.0, "percent_covered_display": "100", "missing_lines": 0, "excluded_lines": 0, "percent_statements_covered": 100.0, "percent_statements_covered_display": "100"}, "missing_lines": [], "excluded_lines": [], "functions": {"": {"executed_lines": [1, 2, 4, 7, 13, 14, 17, 23, 24, 27, 32, 33, 36, 40, 41, 42, 43, 46, 48, 49, 50, 51, 52, 53, 54, 55, 56, 57, 60, 61, 62], "summary": {"covered_lines": 31, "num_statements": 31, "percent_covered": 100.0, "percent_covered_display": "100", "missing_lines": 0, "excluded_lines": 0, "percent_statements_covered": 100.0, "percent_statements_covered_display": "100"}, "missing_lines": [], "excluded_lines": [], "start_line": 1}}, "classes": {"Hypothesis": {"executed_lines": [], "summary": {"covered_lines": 0, "num_statements": 0, "percent_covered": 100.0, "percent_covered_display": "100", "missing_lines": 0, "excluded_lines": 0, "percent_statements_covered": 100.0, "percent_statements_covered_display": "100"}, "missing_lines": [], "excluded_lines": [], "start_line": 7}, "RCAReport": {"executed_lines": [], "summary": {"covered_lines": 0, "num_statements": 0, "percent_covered": 100.0, "percent_covered_display": "100", "missing_lines": 0, "excluded_lines": 0, "percent_statements_covered": 100.0, "percent_statements_covered_display": "100"}, "missing_lines": [], "excluded_lines": [], "start_line": 17}, "RemediationStep": {"executed_lines": [], "summary": {"covered_lines": 0, "num_statements": 0, "percent_covered": 100.0, "percent_covered_display": "100", "missing_lines": 0, "excluded_lines": 0, "percent_statements_covered": 100.0, "percent_statements_covered_display": "100"}, "missing_lines": [], "excluded_lines": [], "start_line": 27}, "RemediationPlan": {"executed_lines": [], "summary": {"covered_lines": 0, "num_statements": 0, "percent_covered": 100.0, "percent_covered_display": "100", "missing_lines": 0, "excluded_lines": 0, "percent_statements_covered": 100.0, "percent_statements_covered_display": "100"}, "missing_lines": [], "excluded_lines": [], "start_line": 36}, "InvestigationState": {"executed_lines": [], "summary": {"covered_lines": 0, "num_statements": 0, "percent_covered": 100.0, "percent_covered_display": "100", "missing_lines": 0, "excluded_lines": 0, "percent_statements_covered": 100.0, "percent_statements_covered_display": "100"}, "missing_lines": [], "excluded_lines": [], "start_line": 46}, "": {"executed_lines": [1, 2, 4, 7, 13, 14, 17, 23, 24, 27, 32, 33, 36, 40, 41, 42, 43, 46, 48, 49, 50, 51, 52, 53, 54, 55, 56, 57, 60, 61, 62], "summary": {"covered_lines": 31, "num_statements": 31, "percent_covered": 100.0, "percent_covered_display": "100", "missing_lines": 0, "excluded_lines": 0, "percent_statements_covered": 100.0, "percent_statements_covered_display": "100"}, "missing_lines": [], "excluded_lines": [], "start_line": 1}}}, "services/control-plane/app/api/v1/audit_api.py": {"executed_lines": [1, 3, 4, 5, 6, 8, 9, 10, 12, 15, 25, 26, 33, 34, 36, 38, 39, 40], "summary": {"covered_lines": 18, "num_statements": 20, "percent_covered": 90.0, "percent_covered_display": "90", "missing_lines": 2, "excluded_lines": 0, "percent_statements_covered": 90.0, "percent_statements_covered_display": "90"}, "missing_lines": [35, 37], "excluded_lines": [], "functions": {"list_audit_events": {"executed_lines": [33, 34, 36, 38, 39, 40], "summary": {"covered_lines": 6, "num_statements": 8, "percent_covered": 75.0, "percent_covered_display": "75", "missing_lines": 2, "excluded_lines": 0, "percent_statements_covered": 75.0, "percent_statements_covered_display": "75"}, "missing_lines": [35, 37], "excluded_lines": [], "start_line": 26}, "": {"executed_lines": [1, 3, 4, 5, 6, 8, 9, 10, 12, 15, 25, 26], "summary": {"covered_lines": 12, "num_statements": 12, "percent_covered": 100.0, "percent_covered_display": "100", "missing_lines": 0, "excluded_lines": 0, "percent_statements_covered": 100.0, "percent_statements_covered_display": "100"}, "missing_lines": [], "excluded_lines": [], "start_line": 1}}, "classes": {"AuditEventDTO": {"executed_lines": [], "summary": {"covered_lines": 0, "num_statements": 0, "percent_covered": 100.0, "percent_covered_display": "100", "missing_lines": 0, "excluded_lines": 0, "percent_statements_covered": 100.0, "percent_statements_covered_display": "100"}, "missing_lines": [], "excluded_lines": [], "start_line": 15}, "": {"executed_lines": [1, 3, 4, 5, 6, 8, 9, 10, 12, 15, 25, 26, 33, 34, 36, 38, 39, 40], "summary": {"covered_lines": 18, "num_statements": 20, "percent_covered": 90.0, "percent_covered_display": "90", "missing_lines": 2, "excluded_lines": 0, "percent_statements_covered": 90.0, "percent_statements_covered_display": "90"}, "missing_lines": [35, 37], "excluded_lines": [], "start_line": 1}}}, "services/control-plane/app/api/v1/auth_api.py": {"executed_lines": [1, 2, 3, 4, 6, 13, 14, 15, 16, 18, 21, 22, 23, 26, 28, 33, 38, 47, 50, 51, 57, 58, 59, 62, 63, 68, 69, 74, 75, 76, 77, 84, 85], "summary": {"covered_lines": 33, "num_statements": 34, "percent_covered": 97.05882352941177, "percent_covered_display": "97", "missing_lines": 1, "excluded_lines": 0, "percent_statements_covered": 97.05882352941177, "percent_statements_covered_display": "97"}, "missing_lines": [89], "excluded_lines": [], "functions": {"_record_login_audit": {"executed_lines": [38, 47], "summary": {"covered_lines": 2, "num_statements": 2, "percent_covered": 100.0, "percent_covered_display": "100", "missing_lines": 0, "excluded_lines": 0, "percent_statements_covered": 100.0, "percent_statements_covered_display": "100"}, "missing_lines": [], "excluded_lines": [], "start_line": 33}, "login": {"executed_lines": [57, 58, 59, 62, 63, 68, 69, 74, 75, 76, 77], "summary": {"covered_lines": 11, "num_statements": 11, "percent_covered": 100.0, "percent_covered_display": "100", "missing_lines": 0, "excluded_lines": 0, "percent_statements_covered": 100.0, "percent_statements_covered_display": "100"}, "missing_lines": [], "excluded_lines": [], "start_line": 51}, "get_current_user_profile": {"executed_lines": [], "summary": {"covered_lines": 0, "num_statements": 1, "percent_covered": 0.0, "percent_covered_display": "0", "missing_lines": 1, "excluded_lines": 0, "percent_statements_covered": 0.0, "percent_statements_covered_display": "0"}, "missing_lines": [89], "excluded_lines": [], "start_line": 85}, "": {"executed_lines": [1, 2, 3, 4, 6, 13, 14, 15, 16, 18, 21, 22, 23, 26, 28, 33, 50, 51, 84, 85], "summary": {"covered_lines": 20, "num_statements": 20, "percent_covered": 100.0, "percent_covered_display": "100", "missing_lines": 0, "excluded_lines": 0, "percent_statements_covered": 100.0, "percent_statements_covered_display": "100"}, "missing_lines": [], "excluded_lines": [], "start_line": 1}}, "classes": {"LoginRequest": {"executed_lines": [], "summary": {"covered_lines": 0, "num_statements": 0, "percent_covered": 100.0, "percent_covered_display": "100", "missing_lines": 0, "excluded_lines": 0, "percent_statements_covered": 100.0, "percent_statements_covered_display": "100"}, "missing_lines": [], "excluded_lines": [], "start_line": 21}, "TokenResponse": {"executed_lines": [], "summary": {"covered_lines": 0, "num_statements": 0, "percent_covered": 100.0, "percent_covered_display": "100", "missing_lines": 0, "excluded_lines": 0, "percent_statements_covered": 100.0, "percent_statements_covered_display": "100"}, "missing_lines": [], "excluded_lines": [], "start_line": 26}, "": {"executed_lines": [1, 2, 3, 4, 6, 13, 14, 15, 16, 18, 21, 22, 23, 26, 28, 33, 38, 47, 50, 51, 57, 58, 59, 62, 63, 68, 69, 74, 75, 76, 77, 84, 85], "summary": {"covered_lines": 33, "num_statements": 34, "percent_covered": 97.05882352941177, "percent_covered_display": "97", "missing_lines": 1, "excluded_lines": 0, "percent_statements_covered": 97.05882352941177, "percent_statements_covered_display": "97"}, "missing_lines": [89], "excluded_lines": [], "start_line": 1}}}, "services/control-plane/app/api/v1/deployments.py": {"executed_lines": [1, 2, 3, 4, 6, 7, 8, 10, 13, 24, 25], "summary": {"covered_lines": 11, "num_statements": 15, "percent_covered": 73.33333333333333, "percent_covered_display": "73", "missing_lines": 4, "excluded_lines": 0, "percent_statements_covered": 73.33333333333333, "percent_statements_covered_display": "73"}, "missing_lines": [30, 31, 32, 36], "excluded_lines": [], "functions": {"list_deployments": {"executed_lines": [], "summary": {"covered_lines": 0, "num_statements": 4, "percent_covered": 0.0, "percent_covered_display": "0", "missing_lines": 4, "excluded_lines": 0, "percent_statements_covered": 0.0, "percent_statements_covered_display": "0"}, "missing_lines": [30, 31, 32, 36], "excluded_lines": [], "start_line": 25}, "": {"executed_lines": [1, 2, 3, 4, 6, 7, 8, 10, 13, 24, 25], "summary": {"covered_lines": 11, "num_statements": 11, "percent_covered": 100.0, "percent_covered_display": "100", "missing_lines": 0, "excluded_lines": 0, "percent_statements_covered": 100.0, "percent_statements_covered_display": "100"}, "missing_lines": [], "excluded_lines": [], "start_line": 1}}, "classes": {"DeploymentDTO": {"executed_lines": [], "summary": {"covered_lines": 0, "num_statements": 0, "percent_covered": 100.0, "percent_covered_display": "100", "missing_lines": 0, "excluded_lines": 0, "percent_statements_covered": 100.0, "percent_statements_covered_display": "100"}, "missing_lines": [], "excluded_lines": [], "start_line": 13}, "": {"executed_lines": [1, 2, 3, 4, 6, 7, 8, 10, 13, 24, 25], "summary": {"covered_lines": 11, "num_statements": 15, "percent_covered": 73.33333333333333, "percent_covered_display": "73", "missing_lines": 4, "excluded_lines": 0, "percent_statements_covered": 73.33333333333333, "percent_statements_covered_display": "73"}, "missing_lines": [30, 31, 32, 36], "excluded_lines": [], "start_line": 1}}}, "services/control-plane/app/api/v1/evals.py": {"executed_lines": [1, 3, 4, 5, 7, 8, 9, 16, 18, 21, 22, 23, 24, 27, 28, 34, 42, 43, 48, 49, 54, 57, 58, 67, 68], "summary": {"covered_lines": 25, "num_statements": 32, "percent_covered": 78.125, "percent_covered_display": "78", "missing_lines": 7, "excluded_lines": 0, "percent_statements_covered": 78.125, "percent_statements_covered_display": "78"}, "missing_lines": [50, 63, 64, 73, 74, 75, 79], "excluded_lines": [], "functions": {"trigger_batch_evaluation": {"executed_lines": [34], "summary": {"covered_lines": 1, "num_statements": 1, "percent_covered": 100.0, "percent_covered_display": "100", "missing_lines": 0, "excluded_lines": 0, "percent_statements_covered": 100.0, "percent_statements_covered_display": "100"}, "missing_lines": [], "excluded_lines": [], "start_line": 28}, "get_latest_evaluation": {"executed_lines": [48, 49, 54], "summary": {"covered_lines": 3, "num_statements": 4, "percent_covered": 75.0, "percent_covered_display": "75", "missing_lines": 1, "excluded_lines": 0, "percent_statements_covered": 75.0, "percent_statements_covered_display": "75"}, "missing_lines": [50], "excluded_lines": [], "start_line": 43}, "list_evaluations": {"executed_lines": [], "summary": {"covered_lines": 0, "num_statements": 2, "percent_covered": 0.0, "percent_covered_display": "0", "missing_lines": 2, "excluded_lines": 0, "percent_statements_covered": 0.0, "percent_statements_covered_display": "0"}, "missing_lines": [63, 64], "excluded_lines": [], "start_line": 58}, "get_evaluation": {"executed_lines": [], "summary": {"covered_lines": 0, "num_statements": 4, "percent_covered": 0.0, "percent_covered_display": "0", "missing_lines": 4, "excluded_lines": 0, "percent_statements_covered": 0.0, "percent_statements_covered_display": "0"}, "missing_lines": [73, 74, 75, 79], "excluded_lines": [], "start_line": 68}, "": {"executed_lines": [1, 3, 4, 5, 7, 8, 9, 16, 18, 21, 22, 23, 24, 27, 28, 42, 43, 57, 58, 67, 68], "summary": {"covered_lines": 21, "num_statements": 21, "percent_covered": 100.0, "percent_covered_display": "100", "missing_lines": 0, "excluded_lines": 0, "percent_statements_covered": 100.0, "percent_statements_covered_display": "100"}, "missing_lines": [], "excluded_lines": [], "start_line": 1}}, "classes": {"RunBatchEvalRequest": {"executed_lines": [], "summary": {"covered_lines": 0, "num_statements": 0, "percent_covered": 100.0, "percent_covered_display": "100", "missing_lines": 0, "excluded_lines": 0, "percent_statements_covered": 100.0, "percent_statements_covered_display": "100"}, "missing_lines": [], "excluded_lines": [], "start_line": 21}, "": {"executed_lines": [1, 3, 4, 5, 7, 8, 9, 16, 18, 21, 22, 23, 24, 27, 28, 34, 42, 43, 48, 49, 54, 57, 58, 67, 68], "summary": {"covered_lines": 25, "num_statements": 32, "percent_covered": 78.125, "percent_covered_display": "78", "missing_lines": 7, "excluded_lines": 0, "percent_statements_covered": 78.125, "percent_statements_covered_display": "78"}, "missing_lines": [50, 63, 64, 73, 74, 75, 79], "excluded_lines": [], "start_line": 1}}}, "services/control-plane/app/api/v1/health.py": {"executed_lines": [1, 3, 4, 5, 6, 7, 8, 10, 11, 13, 16, 17, 18, 19, 22, 24, 27, 28, 29, 33, 34, 35, 36, 37, 40, 41, 43, 46, 47, 49, 50, 53, 54, 55, 63, 64, 65, 66, 67, 74, 75, 77, 82, 85, 86, 88], "summary": {"covered_lines": 46, "num_statements": 52, "percent_covered": 88.46153846153847, "percent_covered_display": "88", "missing_lines": 6, "excluded_lines": 0, "percent_statements_covered": 88.46153846153847, "percent_statements_covered_display": "88"}, "missing_lines": [56, 57, 58, 68, 69, 70], "excluded_lines": [], "functions": {"health_live": {"executed_lines": [43], "summary": {"covered_lines": 1, "num_statements": 1, "percent_covered": 100.0, "percent_covered_display": "100", "missing_lines": 0, "excluded_lines": 0, "percent_statements_covered": 100.0, "percent_statements_covered_display": "100"}, "missing_lines": [], "excluded_lines": [], "start_line": 41}, "health_ready": {"executed_lines": [49, 50, 53, 54, 55, 63, 64, 65, 66, 67, 74, 75, 77, 82], "summary": {"covered_lines": 14, "num_statements": 20, "percent_covered": 70.0, "percent_covered_display": "70", "missing_lines": 6, "excluded_lines": 0, "percent_statements_covered": 70.0, "percent_statements_covered_display": "70"}, "missing_lines": [56, 57, 58, 68, 69, 70], "excluded_lines": [], "start_line": 47}, "health_version": {"executed_lines": [88], "summary": {"covered_lines": 1, "num_statements": 1, "percent_covered": 100.0, "percent_covered_display": "100", "missing_lines": 0, "excluded_lines": 0, "percent_statements_covered": 100.0, "percent_statements_covered_display": "100"}, "missing_lines": [], "excluded_lines": [], "start_line": 86}, "": {"executed_lines": [1, 3, 4, 5, 6, 7, 8, 10, 11, 13, 16, 17, 18, 19, 22, 24, 27, 28, 29, 33, 34, 35, 36, 37, 40, 41, 46, 47, 85, 86], "summary": {"covered_lines": 30, "num_statements": 30, "percent_covered": 100.0, "percent_covered_display": "100", "missing_lines": 0, "excluded_lines": 0, "percent_statements_covered": 100.0, "percent_statements_covered_display": "100"}, "missing_lines": [], "excluded_lines": [], "start_line": 1}}, "classes": {"LivenessResponse": {"executed_lines": [], "summary": {"covered_lines": 0, "num_statements": 0, "percent_covered": 100.0, "percent_covered_display": "100", "missing_lines": 0, "excluded_lines": 0, "percent_statements_covered": 100.0, "percent_statements_covered_display": "100"}, "missing_lines": [], "excluded_lines": [], "start_line": 16}, "ComponentHealth": {"executed_lines": [], "summary": {"covered_lines": 0, "num_statements": 0, "percent_covered": 100.0, "percent_covered_display": "100", "missing_lines": 0, "excluded_lines": 0, "percent_statements_covered": 100.0, "percent_statements_covered_display": "100"}, "missing_lines": [], "excluded_lines": [], "start_line": 22}, "ReadinessResponse": {"executed_lines": [], "summary": {"covered_lines": 0, "num_statements": 0, "percent_covered": 100.0, "percent_covered_display": "100", "missing_lines": 0, "excluded_lines": 0, "percent_statements_covered": 100.0, "percent_statements_covered_display": "100"}, "missing_lines": [], "excluded_lines": [], "start_line": 27}, "VersionResponse": {"executed_lines": [], "summary": {"covered_lines": 0, "num_statements": 0, "percent_covered": 100.0, "percent_covered_display": "100", "missing_lines": 0, "excluded_lines": 0, "percent_statements_covered": 100.0, "percent_statements_covered_display": "100"}, "missing_lines": [], "excluded_lines": [], "start_line": 33}, "": {"executed_lines": [1, 3, 4, 5, 6, 7, 8, 10, 11, 13, 16, 17, 18, 19, 22, 24, 27, 28, 29, 33, 34, 35, 36, 37, 40, 41, 43, 46, 47, 49, 50, 53, 54, 55, 63, 64, 65, 66, 67, 74, 75, 77, 82, 85, 86, 88], "summary": {"covered_lines": 46, "num_statements": 52, "percent_covered": 88.46153846153847, "percent_covered_display": "88", "missing_lines": 6, "excluded_lines": 0, "percent_statements_covered": 88.46153846153847, "percent_statements_covered_display": "88"}, "missing_lines": [56, 57, 58, 68, 69, 70], "excluded_lines": [], "start_line": 1}}}, "services/control-plane/app/api/v1/incidents.py": {"executed_lines": [1, 3, 4, 6, 7, 8, 9, 10, 21, 24, 25, 32, 38, 39, 45, 48, 49, 55, 56, 61, 64, 65, 71, 72, 77, 80, 81, 90, 95, 96, 104, 105], "summary": {"covered_lines": 32, "num_statements": 35, "percent_covered": 91.42857142857143, "percent_covered_display": "91", "missing_lines": 3, "excluded_lines": 0, "percent_statements_covered": 91.42857142857143, "percent_statements_covered_display": "91"}, "missing_lines": [57, 73, 91], "excluded_lines": [], "functions": {"get_incidents": {"executed_lines": [32], "summary": {"covered_lines": 1, "num_statements": 1, "percent_covered": 100.0, "percent_covered_display": "100", "missing_lines": 0, "excluded_lines": 0, "percent_statements_covered": 100.0, "percent_statements_covered_display": "100"}, "missing_lines": [], "excluded_lines": [], "start_line": 25}, "create_new_incident": {"executed_lines": [45], "summary": {"covered_lines": 1, "num_statements": 1, "percent_covered": 100.0, "percent_covered_display": "100", "missing_lines": 0, "excluded_lines": 0, "percent_statements_covered": 100.0, "percent_statements_covered_display": "100"}, "missing_lines": [], "excluded_lines": [], "start_line": 39}, "get_incident_by_id": {"executed_lines": [55, 56, 61], "summary": {"covered_lines": 3, "num_statements": 4, "percent_covered": 75.0, "percent_covered_display": "75", "missing_lines": 1, "excluded_lines": 0, "percent_statements_covered": 75.0, "percent_statements_covered_display": "75"}, "missing_lines": [57], "excluded_lines": [], "start_line": 49}, "get_incident_event_timeline": {"executed_lines": [71, 72, 77], "summary": {"covered_lines": 3, "num_statements": 4, "percent_covered": 75.0, "percent_covered_display": "75", "missing_lines": 1, "excluded_lines": 0, "percent_statements_covered": 75.0, "percent_statements_covered_display": "75"}, "missing_lines": [73], "excluded_lines": [], "start_line": 65}, "webhook_ingest_alert": {"executed_lines": [90, 95, 96, 104, 105], "summary": {"covered_lines": 5, "num_statements": 6, "percent_covered": 83.33333333333333, "percent_covered_display": "83", "missing_lines": 1, "excluded_lines": 0, "percent_statements_covered": 83.33333333333333, "percent_statements_covered_display": "83"}, "missing_lines": [91], "excluded_lines": [], "start_line": 81}, "": {"executed_lines": [1, 3, 4, 6, 7, 8, 9, 10, 21, 24, 25, 38, 39, 48, 49, 64, 65, 80, 81], "summary": {"covered_lines": 19, "num_statements": 19, "percent_covered": 100.0, "percent_covered_display": "100", "missing_lines": 0, "excluded_lines": 0, "percent_statements_covered": 100.0, "percent_statements_covered_display": "100"}, "missing_lines": [], "excluded_lines": [], "start_line": 1}}, "classes": {"": {"executed_lines": [1, 3, 4, 6, 7, 8, 9, 10, 21, 24, 25, 32, 38, 39, 45, 48, 49, 55, 56, 61, 64, 65, 71, 72, 77, 80, 81, 90, 95, 96, 104, 105], "summary": {"covered_lines": 32, "num_statements": 35, "percent_covered": 91.42857142857143, "percent_covered_display": "91", "missing_lines": 3, "excluded_lines": 0, "percent_statements_covered": 91.42857142857143, "percent_statements_covered_display": "91"}, "missing_lines": [57, 73, 91], "excluded_lines": [], "start_line": 1}}}, "services/control-plane/app/api/v1/investigations.py": {"executed_lines": [1, 3, 4, 5, 6, 8, 13, 14, 16, 19, 23, 24, 30, 31, 39, 40, 46, 47, 52, 55, 56], "summary": {"covered_lines": 21, "num_statements": 27, "percent_covered": 77.77777777777777, "percent_covered_display": "78", "missing_lines": 6, "excluded_lines": 0, "percent_statements_covered": 77.77777777777777, "percent_statements_covered_display": "78"}, "missing_lines": [48, 63, 64, 65, 67, 69], "excluded_lines": [], "functions": {"trigger_investigation": {"executed_lines": [30, 31], "summary": {"covered_lines": 2, "num_statements": 2, "percent_covered": 100.0, "percent_covered_display": "100", "missing_lines": 0, "excluded_lines": 0, "percent_statements_covered": 100.0, "percent_statements_covered_display": "100"}, "missing_lines": [], "excluded_lines": [], "start_line": 24}, "get_investigation_status": {"executed_lines": [46, 47, 52], "summary": {"covered_lines": 3, "num_statements": 4, "percent_covered": 75.0, "percent_covered_display": "75", "missing_lines": 1, "excluded_lines": 0, "percent_statements_covered": 75.0, "percent_statements_covered_display": "75"}, "missing_lines": [48], "excluded_lines": [], "start_line": 40}, "stream_investigation": {"executed_lines": [], "summary": {"covered_lines": 0, "num_statements": 2, "percent_covered": 0.0, "percent_covered_display": "0", "missing_lines": 2, "excluded_lines": 0, "percent_statements_covered": 0.0, "percent_statements_covered_display": "0"}, "missing_lines": [63, 69], "excluded_lines": [], "start_line": 56}, "stream_investigation.event_generator": {"executed_lines": [], "summary": {"covered_lines": 0, "num_statements": 3, "percent_covered": 0.0, "percent_covered_display": "0", "missing_lines": 3, "excluded_lines": 0, "percent_statements_covered": 0.0, "percent_statements_covered_display": "0"}, "missing_lines": [64, 65, 67], "excluded_lines": [], "start_line": 63}, "": {"executed_lines": [1, 3, 4, 5, 6, 8, 13, 14, 16, 19, 23, 24, 39, 40, 55, 56], "summary": {"covered_lines": 16, "num_statements": 16, "percent_covered": 100.0, "percent_covered_display": "100", "missing_lines": 0, "excluded_lines": 0, "percent_statements_covered": 100.0, "percent_statements_covered_display": "100"}, "missing_lines": [], "excluded_lines": [], "start_line": 1}}, "classes": {"TriggerInvestigationRequest": {"executed_lines": [], "summary": {"covered_lines": 0, "num_statements": 0, "percent_covered": 100.0, "percent_covered_display": "100", "missing_lines": 0, "excluded_lines": 0, "percent_statements_covered": 100.0, "percent_statements_covered_display": "100"}, "missing_lines": [], "excluded_lines": [], "start_line": 19}, "": {"executed_lines": [1, 3, 4, 5, 6, 8, 13, 14, 16, 19, 23, 24, 30, 31, 39, 40, 46, 47, 52, 55, 56], "summary": {"covered_lines": 21, "num_statements": 27, "percent_covered": 77.77777777777777, "percent_covered_display": "78", "missing_lines": 6, "excluded_lines": 0, "percent_statements_covered": 77.77777777777777, "percent_statements_covered_display": "78"}, "missing_lines": [48, 63, 64, 65, 67, 69], "excluded_lines": [], "start_line": 1}}}, "services/control-plane/app/api/v1/knowledge.py": {"executed_lines": [1, 2, 3, 5, 6, 7, 8, 9, 11, 12, 13, 14, 15, 17, 20, 21, 22, 23, 24, 25, 28, 42, 43, 44, 45, 48, 56, 57, 72, 73, 86, 87, 92, 93, 101, 102, 107, 109, 118, 119, 120, 123, 124, 148, 149, 150, 153, 158, 160, 163, 164, 172, 173, 178, 179, 180, 181, 182, 191, 192, 193, 196, 197, 202, 203, 204, 213, 214, 215], "summary": {"covered_lines": 69, "num_statements": 87, "percent_covered": 79.3103448275862, "percent_covered_display": "79", "missing_lines": 18, "excluded_lines": 0, "percent_statements_covered": 79.3103448275862, "percent_statements_covered_display": "79"}, "missing_lines": [78, 79, 80, 81, 82, 83, 108, 129, 130, 131, 132, 133, 135, 136, 151, 152, 159, 169], "excluded_lines": [], "functions": {"_to_dto": {"executed_lines": [57], "summary": {"covered_lines": 1, "num_statements": 1, "percent_covered": 100.0, "percent_covered_display": "100", "missing_lines": 0, "excluded_lines": 0, "percent_statements_covered": 100.0, "percent_statements_covered_display": "100"}, "missing_lines": [], "excluded_lines": [], "start_line": 56}, "list_knowledge_documents": {"executed_lines": [], "summary": {"covered_lines": 0, "num_statements": 6, "percent_covered": 0.0, "percent_covered_display": "0", "missing_lines": 6, "excluded_lines": 0, "percent_statements_covered": 0.0, "percent_statements_covered_display": "0"}, "missing_lines": [78, 79, 80, 81, 82, 83], "excluded_lines": [], "start_line": 73}, "ingest_knowledge_document": {"executed_lines": [92, 93, 101, 102, 107, 109, 118, 119, 120], "summary": {"covered_lines": 9, "num_statements": 10, "percent_covered": 90.0, "percent_covered_display": "90", "missing_lines": 1, "excluded_lines": 0, "percent_statements_covered": 90.0, "percent_statements_covered_display": "90"}, "missing_lines": [108], "excluded_lines": [], "start_line": 87}, "search_knowledge": {"executed_lines": [], "summary": {"covered_lines": 0, "num_statements": 7, "percent_covered": 0.0, "percent_covered_display": "0", "missing_lines": 7, "excluded_lines": 0, "percent_statements_covered": 0.0, "percent_statements_covered_display": "0"}, "missing_lines": [129, 130, 131, 132, 133, 135, 136], "excluded_lines": [], "start_line": 124}, "_get_document": {"executed_lines": [149, 150, 153, 158, 160], "summary": {"covered_lines": 5, "num_statements": 8, "percent_covered": 62.5, "percent_covered_display": "62", "missing_lines": 3, "excluded_lines": 0, "percent_statements_covered": 62.5, "percent_statements_covered_display": "62"}, "missing_lines": [151, 152, 159], "excluded_lines": [], "start_line": 148}, "get_knowledge_document": {"executed_lines": [], "summary": {"covered_lines": 0, "num_statements": 1, "percent_covered": 0.0, "percent_covered_display": "0", "missing_lines": 1, "excluded_lines": 0, "percent_statements_covered": 0.0, "percent_statements_covered_display": "0"}, "missing_lines": [169], "excluded_lines": [], "start_line": 164}, "reindex_knowledge_document": {"executed_lines": [178, 179, 180, 181, 182, 191, 192, 193], "summary": {"covered_lines": 8, "num_statements": 8, "percent_covered": 100.0, "percent_covered_display": "100", "missing_lines": 0, "excluded_lines": 0, "percent_statements_covered": 100.0, "percent_statements_covered_display": "100"}, "missing_lines": [], "excluded_lines": [], "start_line": 173}, "archive_knowledge_document": {"executed_lines": [202, 203, 204, 213, 214, 215], "summary": {"covered_lines": 6, "num_statements": 6, "percent_covered": 100.0, "percent_covered_display": "100", "missing_lines": 0, "excluded_lines": 0, "percent_statements_covered": 100.0, "percent_statements_covered_display": "100"}, "missing_lines": [], "excluded_lines": [], "start_line": 197}, "": {"executed_lines": [1, 2, 3, 5, 6, 7, 8, 9, 11, 12, 13, 14, 15, 17, 20, 21, 22, 23, 24, 25, 28, 42, 43, 44, 45, 48, 56, 72, 73, 86, 87, 123, 124, 148, 163, 164, 172, 173, 196, 197], "summary": {"covered_lines": 40, "num_statements": 40, "percent_covered": 100.0, "percent_covered_display": "100", "missing_lines": 0, "excluded_lines": 0, "percent_statements_covered": 100.0, "percent_statements_covered_display": "100"}, "missing_lines": [], "excluded_lines": [], "start_line": 1}}, "classes": {"KnowledgeDocumentRequest": {"executed_lines": [], "summary": {"covered_lines": 0, "num_statements": 0, "percent_covered": 100.0, "percent_covered_display": "100", "missing_lines": 0, "excluded_lines": 0, "percent_statements_covered": 100.0, "percent_statements_covered_display": "100"}, "missing_lines": [], "excluded_lines": [], "start_line": 20}, "KnowledgeDocumentDTO": {"executed_lines": [], "summary": {"covered_lines": 0, "num_statements": 0, "percent_covered": 100.0, "percent_covered_display": "100", "missing_lines": 0, "excluded_lines": 0, "percent_statements_covered": 100.0, "percent_statements_covered_display": "100"}, "missing_lines": [], "excluded_lines": [], "start_line": 28}, "KnowledgeSearchRequest": {"executed_lines": [], "summary": {"covered_lines": 0, "num_statements": 0, "percent_covered": 100.0, "percent_covered_display": "100", "missing_lines": 0, "excluded_lines": 0, "percent_statements_covered": 100.0, "percent_statements_covered_display": "100"}, "missing_lines": [], "excluded_lines": [], "start_line": 42}, "KnowledgeSearchResult": {"executed_lines": [], "summary": {"covered_lines": 0, "num_statements": 0, "percent_covered": 100.0, "percent_covered_display": "100", "missing_lines": 0, "excluded_lines": 0, "percent_statements_covered": 100.0, "percent_statements_covered_display": "100"}, "missing_lines": [], "excluded_lines": [], "start_line": 48}, "": {"executed_lines": [1, 2, 3, 5, 6, 7, 8, 9, 11, 12, 13, 14, 15, 17, 20, 21, 22, 23, 24, 25, 28, 42, 43, 44, 45, 48, 56, 57, 72, 73, 86, 87, 92, 93, 101, 102, 107, 109, 118, 119, 120, 123, 124, 148, 149, 150, 153, 158, 160, 163, 164, 172, 173, 178, 179, 180, 181, 182, 191, 192, 193, 196, 197, 202, 203, 204, 213, 214, 215], "summary": {"covered_lines": 69, "num_statements": 87, "percent_covered": 79.3103448275862, "percent_covered_display": "79", "missing_lines": 18, "excluded_lines": 0, "percent_statements_covered": 79.3103448275862, "percent_statements_covered_display": "79"}, "missing_lines": [78, 79, 80, 81, 82, 83, 108, 129, 130, 131, 132, 133, 135, 136, 151, 152, 159, 169], "excluded_lines": [], "start_line": 1}}}, "services/control-plane/app/api/v1/mcp_api.py": {"executed_lines": [13, 14, 15, 17, 18, 19, 21, 22, 24, 26, 31, 33, 34, 36, 39, 44, 45, 50, 51, 52, 53, 54, 55, 57, 58, 64, 65], "summary": {"covered_lines": 27, "num_statements": 35, "percent_covered": 77.14285714285714, "percent_covered_display": "77", "missing_lines": 8, "excluded_lines": 2, "percent_statements_covered": 77.14285714285714, "percent_statements_covered_display": "77"}, "missing_lines": [70, 71, 72, 73, 74, 75, 76, 77], "excluded_lines": [40, 41], "functions": {"sse_endpoint": {"executed_lines": [50, 51, 52, 53, 54, 55, 57, 58], "summary": {"covered_lines": 8, "num_statements": 8, "percent_covered": 100.0, "percent_covered_display": "100", "missing_lines": 0, "excluded_lines": 0, "percent_statements_covered": 100.0, "percent_statements_covered_display": "100"}, "missing_lines": [], "excluded_lines": [], "start_line": 45}, "messages_endpoint": {"executed_lines": [], "summary": {"covered_lines": 0, "num_statements": 8, "percent_covered": 0.0, "percent_covered_display": "0", "missing_lines": 8, "excluded_lines": 0, "percent_statements_covered": 0.0, "percent_statements_covered_display": "0"}, "missing_lines": [70, 71, 72, 73, 74, 75, 76, 77], "excluded_lines": [], "start_line": 65}, "": {"executed_lines": [13, 14, 15, 17, 18, 19, 21, 22, 24, 26, 31, 33, 34, 36, 39, 44, 45, 64, 65], "summary": {"covered_lines": 19, "num_statements": 19, "percent_covered": 100.0, "percent_covered_display": "100", "missing_lines": 0, "excluded_lines": 2, "percent_statements_covered": 100.0, "percent_statements_covered_display": "100"}, "missing_lines": [], "excluded_lines": [40, 41], "start_line": 1}}, "classes": {"": {"executed_lines": [13, 14, 15, 17, 18, 19, 21, 22, 24, 26, 31, 33, 34, 36, 39, 44, 45, 50, 51, 52, 53, 54, 55, 57, 58, 64, 65], "summary": {"covered_lines": 27, "num_statements": 35, "percent_covered": 77.14285714285714, "percent_covered_display": "77", "missing_lines": 8, "excluded_lines": 2, "percent_statements_covered": 77.14285714285714, "percent_statements_covered_display": "77"}, "missing_lines": [70, 71, 72, 73, 74, 75, 76, 77], "excluded_lines": [40, 41], "start_line": 1}}}, "services/control-plane/app/api/v1/model_providers.py": {"executed_lines": [1, 3, 4, 5, 7, 8, 9, 10, 12, 15, 25, 31, 34, 35, 36, 37, 42, 43, 47, 50, 51, 55, 59, 60, 61, 66, 67, 105, 111], "summary": {"covered_lines": 29, "num_statements": 31, "percent_covered": 93.54838709677419, "percent_covered_display": "94", "missing_lines": 2, "excluded_lines": 0, "percent_statements_covered": 93.54838709677419, "percent_statements_covered_display": "94"}, "missing_lines": [38, 39], "excluded_lines": [], "functions": {"_provider_reachable": {"executed_lines": [34, 35, 36, 37], "summary": {"covered_lines": 4, "num_statements": 6, "percent_covered": 66.66666666666667, "percent_covered_display": "67", "missing_lines": 2, "excluded_lines": 0, "percent_statements_covered": 66.66666666666667, "percent_statements_covered_display": "67"}, "missing_lines": [38, 39], "excluded_lines": [], "start_line": 31}, "get_providers_overview": {"executed_lines": [47, 50, 51, 55, 59, 60, 61, 66, 67, 105, 111], "summary": {"covered_lines": 11, "num_statements": 11, "percent_covered": 100.0, "percent_covered_display": "100", "missing_lines": 0, "excluded_lines": 0, "percent_statements_covered": 100.0, "percent_statements_covered_display": "100"}, "missing_lines": [], "excluded_lines": [], "start_line": 43}, "": {"executed_lines": [1, 3, 4, 5, 7, 8, 9, 10, 12, 15, 25, 31, 42, 43], "summary": {"covered_lines": 14, "num_statements": 14, "percent_covered": 100.0, "percent_covered_display": "100", "missing_lines": 0, "excluded_lines": 0, "percent_statements_covered": 100.0, "percent_statements_covered_display": "100"}, "missing_lines": [], "excluded_lines": [], "start_line": 1}}, "classes": {"ProviderStatusDTO": {"executed_lines": [], "summary": {"covered_lines": 0, "num_statements": 0, "percent_covered": 100.0, "percent_covered_display": "100", "missing_lines": 0, "excluded_lines": 0, "percent_statements_covered": 100.0, "percent_statements_covered_display": "100"}, "missing_lines": [], "excluded_lines": [], "start_line": 15}, "ModelsOverviewDTO": {"executed_lines": [], "summary": {"covered_lines": 0, "num_statements": 0, "percent_covered": 100.0, "percent_covered_display": "100", "missing_lines": 0, "excluded_lines": 0, "percent_statements_covered": 100.0, "percent_statements_covered_display": "100"}, "missing_lines": [], "excluded_lines": [], "start_line": 25}, "": {"executed_lines": [1, 3, 4, 5, 7, 8, 9, 10, 12, 15, 25, 31, 34, 35, 36, 37, 42, 43, 47, 50, 51, 55, 59, 60, 61, 66, 67, 105, 111], "summary": {"covered_lines": 29, "num_statements": 31, "percent_covered": 93.54838709677419, "percent_covered_display": "94", "missing_lines": 2, "excluded_lines": 0, "percent_statements_covered": 93.54838709677419, "percent_statements_covered_display": "94"}, "missing_lines": [38, 39], "excluded_lines": [], "start_line": 1}}}, "services/control-plane/app/api/v1/observability.py": {"executed_lines": [1, 3, 5, 6, 8, 11, 12, 16], "summary": {"covered_lines": 8, "num_statements": 8, "percent_covered": 100.0, "percent_covered_display": "100", "missing_lines": 0, "excluded_lines": 0, "percent_statements_covered": 100.0, "percent_statements_covered_display": "100"}, "missing_lines": [], "excluded_lines": [], "functions": {"get_ai_observability_metrics": {"executed_lines": [16], "summary": {"covered_lines": 1, "num_statements": 1, "percent_covered": 100.0, "percent_covered_display": "100", "missing_lines": 0, "excluded_lines": 0, "percent_statements_covered": 100.0, "percent_statements_covered_display": "100"}, "missing_lines": [], "excluded_lines": [], "start_line": 12}, "": {"executed_lines": [1, 3, 5, 6, 8, 11, 12], "summary": {"covered_lines": 7, "num_statements": 7, "percent_covered": 100.0, "percent_covered_display": "100", "missing_lines": 0, "excluded_lines": 0, "percent_statements_covered": 100.0, "percent_statements_covered_display": "100"}, "missing_lines": [], "excluded_lines": [], "start_line": 1}}, "classes": {"": {"executed_lines": [1, 3, 5, 6, 8, 11, 12, 16], "summary": {"covered_lines": 8, "num_statements": 8, "percent_covered": 100.0, "percent_covered_display": "100", "missing_lines": 0, "excluded_lines": 0, "percent_statements_covered": 100.0, "percent_statements_covered_display": "100"}, "missing_lines": [], "excluded_lines": [], "start_line": 1}}}, "services/control-plane/app/api/v1/postmortem_api.py": {"executed_lines": [1, 2, 3, 5, 6, 7, 13, 16, 20, 21, 27, 28, 36, 37, 43, 44, 49, 52, 53], "summary": {"covered_lines": 19, "num_statements": 26, "percent_covered": 73.07692307692308, "percent_covered_display": "73", "missing_lines": 7, "excluded_lines": 0, "percent_statements_covered": 73.07692307692308, "percent_statements_covered_display": "73"}, "missing_lines": [29, 30, 45, 59, 60, 61, 65], "excluded_lines": [], "functions": {"generate_incident_postmortem": {"executed_lines": [27, 28], "summary": {"covered_lines": 2, "num_statements": 4, "percent_covered": 50.0, "percent_covered_display": "50", "missing_lines": 2, "excluded_lines": 0, "percent_statements_covered": 50.0, "percent_statements_covered_display": "50"}, "missing_lines": [29, 30], "excluded_lines": [], "start_line": 21}, "get_incident_postmortem": {"executed_lines": [43, 44, 49], "summary": {"covered_lines": 3, "num_statements": 4, "percent_covered": 75.0, "percent_covered_display": "75", "missing_lines": 1, "excluded_lines": 0, "percent_statements_covered": 75.0, "percent_statements_covered_display": "75"}, "missing_lines": [45], "excluded_lines": [], "start_line": 37}, "get_incident_postmortem_markdown": {"executed_lines": [], "summary": {"covered_lines": 0, "num_statements": 4, "percent_covered": 0.0, "percent_covered_display": "0", "missing_lines": 4, "excluded_lines": 0, "percent_statements_covered": 0.0, "percent_statements_covered_display": "0"}, "missing_lines": [59, 60, 61, 65], "excluded_lines": [], "start_line": 53}, "": {"executed_lines": [1, 2, 3, 5, 6, 7, 13, 16, 20, 21, 36, 37, 52, 53], "summary": {"covered_lines": 14, "num_statements": 14, "percent_covered": 100.0, "percent_covered_display": "100", "missing_lines": 0, "excluded_lines": 0, "percent_statements_covered": 100.0, "percent_statements_covered_display": "100"}, "missing_lines": [], "excluded_lines": [], "start_line": 1}}, "classes": {"GeneratePostmortemRequest": {"executed_lines": [], "summary": {"covered_lines": 0, "num_statements": 0, "percent_covered": 100.0, "percent_covered_display": "100", "missing_lines": 0, "excluded_lines": 0, "percent_statements_covered": 100.0, "percent_statements_covered_display": "100"}, "missing_lines": [], "excluded_lines": [], "start_line": 16}, "": {"executed_lines": [1, 2, 3, 5, 6, 7, 13, 16, 20, 21, 27, 28, 36, 37, 43, 44, 49, 52, 53], "summary": {"covered_lines": 19, "num_statements": 26, "percent_covered": 73.07692307692308, "percent_covered_display": "73", "missing_lines": 7, "excluded_lines": 0, "percent_statements_covered": 73.07692307692308, "percent_statements_covered_display": "73"}, "missing_lines": [29, 30, 45, 59, 60, 61, 65], "excluded_lines": [], "start_line": 1}}}, "services/control-plane/app/api/v1/remediations.py": {"executed_lines": [1, 2, 3, 5, 6, 7, 8, 9, 15, 18, 21, 24, 26, 29, 30, 37, 47, 48], "summary": {"covered_lines": 18, "num_statements": 25, "percent_covered": 72.0, "percent_covered_display": "72", "missing_lines": 7, "excluded_lines": 0, "percent_statements_covered": 72.0, "percent_statements_covered_display": "72"}, "missing_lines": [55, 56, 57, 62, 63, 64, 65], "excluded_lines": [], "functions": {"review_remediation_plan": {"executed_lines": [37], "summary": {"covered_lines": 1, "num_statements": 1, "percent_covered": 100.0, "percent_covered_display": "100", "missing_lines": 0, "excluded_lines": 0, "percent_statements_covered": 100.0, "percent_statements_covered_display": "100"}, "missing_lines": [], "excluded_lines": [], "start_line": 30}, "trigger_remediation_execution": {"executed_lines": [], "summary": {"covered_lines": 0, "num_statements": 7, "percent_covered": 0.0, "percent_covered_display": "0", "missing_lines": 7, "excluded_lines": 0, "percent_statements_covered": 0.0, "percent_statements_covered_display": "0"}, "missing_lines": [55, 56, 57, 62, 63, 64, 65], "excluded_lines": [], "start_line": 48}, "": {"executed_lines": [1, 2, 3, 5, 6, 7, 8, 9, 15, 18, 21, 24, 26, 29, 30, 47, 48], "summary": {"covered_lines": 17, "num_statements": 17, "percent_covered": 100.0, "percent_covered_display": "100", "missing_lines": 0, "excluded_lines": 0, "percent_statements_covered": 100.0, "percent_statements_covered_display": "100"}, "missing_lines": [], "excluded_lines": [], "start_line": 1}}, "classes": {"SubmitReviewRequest": {"executed_lines": [], "summary": {"covered_lines": 0, "num_statements": 0, "percent_covered": 100.0, "percent_covered_display": "100", "missing_lines": 0, "excluded_lines": 0, "percent_statements_covered": 100.0, "percent_statements_covered_display": "100"}, "missing_lines": [], "excluded_lines": [], "start_line": 18}, "ExecuteRemediationRequest": {"executed_lines": [], "summary": {"covered_lines": 0, "num_statements": 0, "percent_covered": 100.0, "percent_covered_display": "100", "missing_lines": 0, "excluded_lines": 0, "percent_statements_covered": 100.0, "percent_statements_covered_display": "100"}, "missing_lines": [], "excluded_lines": [], "start_line": 24}, "": {"executed_lines": [1, 2, 3, 5, 6, 7, 8, 9, 15, 18, 21, 24, 26, 29, 30, 37, 47, 48], "summary": {"covered_lines": 18, "num_statements": 25, "percent_covered": 72.0, "percent_covered_display": "72", "missing_lines": 7, "excluded_lines": 0, "percent_statements_covered": 72.0, "percent_statements_covered_display": "72"}, "missing_lines": [55, 56, 57, 62, 63, 64, 65], "excluded_lines": [], "start_line": 1}}}, "services/control-plane/app/api/v1/scenarios.py": {"executed_lines": [1, 3, 4, 6, 7, 8, 9, 10, 12, 15, 16, 20, 23, 24, 29, 30, 35, 38, 39, 45, 46, 54, 55, 61, 64, 65], "summary": {"covered_lines": 26, "num_statements": 33, "percent_covered": 78.78787878787878, "percent_covered_display": "79", "missing_lines": 7, "excluded_lines": 0, "percent_statements_covered": 78.78787878787878, "percent_statements_covered_display": "79"}, "missing_lines": [31, 47, 48, 70, 71, 72, 76], "excluded_lines": [], "functions": {"list_available_scenarios": {"executed_lines": [20], "summary": {"covered_lines": 1, "num_statements": 1, "percent_covered": 100.0, "percent_covered_display": "100", "missing_lines": 0, "excluded_lines": 0, "percent_statements_covered": 100.0, "percent_statements_covered_display": "100"}, "missing_lines": [], "excluded_lines": [], "start_line": 16}, "get_scenario_details": {"executed_lines": [29, 30, 35], "summary": {"covered_lines": 3, "num_statements": 4, "percent_covered": 75.0, "percent_covered_display": "75", "missing_lines": 1, "excluded_lines": 0, "percent_statements_covered": 75.0, "percent_statements_covered_display": "75"}, "missing_lines": [31], "excluded_lines": [], "start_line": 24}, "trigger_scenario_run": {"executed_lines": [45, 46], "summary": {"covered_lines": 2, "num_statements": 4, "percent_covered": 50.0, "percent_covered_display": "50", "missing_lines": 2, "excluded_lines": 0, "percent_statements_covered": 50.0, "percent_statements_covered_display": "50"}, "missing_lines": [47, 48], "excluded_lines": [], "start_line": 39}, "reset_scenario_run": {"executed_lines": [61], "summary": {"covered_lines": 1, "num_statements": 1, "percent_covered": 100.0, "percent_covered_display": "100", "missing_lines": 0, "excluded_lines": 0, "percent_statements_covered": 100.0, "percent_statements_covered_display": "100"}, "missing_lines": [], "excluded_lines": [], "start_line": 55}, "get_latest_scenario_run": {"executed_lines": [], "summary": {"covered_lines": 0, "num_statements": 4, "percent_covered": 0.0, "percent_covered_display": "0", "missing_lines": 4, "excluded_lines": 0, "percent_statements_covered": 0.0, "percent_statements_covered_display": "0"}, "missing_lines": [70, 71, 72, 76], "excluded_lines": [], "start_line": 65}, "": {"executed_lines": [1, 3, 4, 6, 7, 8, 9, 10, 12, 15, 16, 23, 24, 38, 39, 54, 55, 64, 65], "summary": {"covered_lines": 19, "num_statements": 19, "percent_covered": 100.0, "percent_covered_display": "100", "missing_lines": 0, "excluded_lines": 0, "percent_statements_covered": 100.0, "percent_statements_covered_display": "100"}, "missing_lines": [], "excluded_lines": [], "start_line": 1}}, "classes": {"": {"executed_lines": [1, 3, 4, 6, 7, 8, 9, 10, 12, 15, 16, 20, 23, 24, 29, 30, 35, 38, 39, 45, 46, 54, 55, 61, 64, 65], "summary": {"covered_lines": 26, "num_statements": 33, "percent_covered": 78.78787878787878, "percent_covered_display": "79", "missing_lines": 7, "excluded_lines": 0, "percent_statements_covered": 78.78787878787878, "percent_statements_covered_display": "79"}, "missing_lines": [31, 47, 48, 70, 71, 72, 76], "excluded_lines": [], "start_line": 1}}}, "services/control-plane/app/api/v1/topology.py": {"executed_lines": [1, 3, 4, 6, 9, 10, 14], "summary": {"covered_lines": 7, "num_statements": 7, "percent_covered": 100.0, "percent_covered_display": "100", "missing_lines": 0, "excluded_lines": 0, "percent_statements_covered": 100.0, "percent_statements_covered_display": "100"}, "missing_lines": [], "excluded_lines": [], "functions": {"get_topology": {"executed_lines": [14], "summary": {"covered_lines": 1, "num_statements": 1, "percent_covered": 100.0, "percent_covered_display": "100", "missing_lines": 0, "excluded_lines": 0, "percent_statements_covered": 100.0, "percent_statements_covered_display": "100"}, "missing_lines": [], "excluded_lines": [], "start_line": 10}, "": {"executed_lines": [1, 3, 4, 6, 9, 10], "summary": {"covered_lines": 6, "num_statements": 6, "percent_covered": 100.0, "percent_covered_display": "100", "missing_lines": 0, "excluded_lines": 0, "percent_statements_covered": 100.0, "percent_statements_covered_display": "100"}, "missing_lines": [], "excluded_lines": [], "start_line": 1}}, "classes": {"": {"executed_lines": [1, 3, 4, 6, 9, 10, 14], "summary": {"covered_lines": 7, "num_statements": 7, "percent_covered": 100.0, "percent_covered_display": "100", "missing_lines": 0, "excluded_lines": 0, "percent_statements_covered": 100.0, "percent_statements_covered_display": "100"}, "missing_lines": [], "excluded_lines": [], "start_line": 1}}}, "services/control-plane/app/core/auth.py": {"executed_lines": [1, 2, 3, 5, 6, 7, 8, 9, 10, 11, 12, 14, 15, 16, 18, 19, 20, 22, 24, 27, 28, 29, 30, 33, 40, 46, 48, 51, 52, 53, 54, 55, 58, 60, 61, 66, 69, 70, 71, 72, 73, 74, 76, 81, 82, 95, 99, 100, 105, 106, 107, 108, 113, 121, 122, 124, 125, 126, 130, 132], "summary": {"covered_lines": 60, "num_statements": 66, "percent_covered": 90.9090909090909, "percent_covered_display": "91", "missing_lines": 6, "excluded_lines": 0, "percent_statements_covered": 90.9090909090909, "percent_statements_covered_display": "91"}, "missing_lines": [77, 84, 85, 88, 89, 109], "excluded_lines": [], "functions": {"hash_password": {"executed_lines": [48], "summary": {"covered_lines": 1, "num_statements": 1, "percent_covered": 100.0, "percent_covered_display": "100", "missing_lines": 0, "excluded_lines": 0, "percent_statements_covered": 100.0, "percent_statements_covered_display": "100"}, "missing_lines": [], "excluded_lines": [], "start_line": 46}, "verify_password": {"executed_lines": [52, 53, 54, 55], "summary": {"covered_lines": 4, "num_statements": 4, "percent_covered": 100.0, "percent_covered_display": "100", "missing_lines": 0, "excluded_lines": 0, "percent_statements_covered": 100.0, "percent_statements_covered_display": "100"}, "missing_lines": [], "excluded_lines": [], "start_line": 51}, "create_access_token": {"executed_lines": [60, 61, 66], "summary": {"covered_lines": 3, "num_statements": 3, "percent_covered": 100.0, "percent_covered_display": "100", "missing_lines": 0, "excluded_lines": 0, "percent_statements_covered": 100.0, "percent_statements_covered_display": "100"}, "missing_lines": [], "excluded_lines": [], "start_line": 58}, "verify_token": {"executed_lines": [70, 71, 72, 73, 74, 76, 81, 82], "summary": {"covered_lines": 8, "num_statements": 13, "percent_covered": 61.53846153846154, "percent_covered_display": "62", "missing_lines": 5, "excluded_lines": 0, "percent_statements_covered": 61.53846153846154, "percent_statements_covered_display": "62"}, "missing_lines": [77, 84, 85, 88, 89], "excluded_lines": [], "start_line": 69}, "get_current_user": {"executed_lines": [99, 100, 105, 106, 107, 108, 113], "summary": {"covered_lines": 7, "num_statements": 8, "percent_covered": 87.5, "percent_covered_display": "88", "missing_lines": 1, "excluded_lines": 0, "percent_statements_covered": 87.5, "percent_statements_covered_display": "88"}, "missing_lines": [109], "excluded_lines": [], "start_line": 95}, "require_role": {"executed_lines": [122, 124, 132], "summary": {"covered_lines": 3, "num_statements": 3, "percent_covered": 100.0, "percent_covered_display": "100", "missing_lines": 0, "excluded_lines": 0, "percent_statements_covered": 100.0, "percent_statements_covered_display": "100"}, "missing_lines": [], "excluded_lines": [], "start_line": 121}, "require_role.role_checker": {"executed_lines": [125, 126, 130], "summary": {"covered_lines": 3, "num_statements": 3, "percent_covered": 100.0, "percent_covered_display": "100", "missing_lines": 0, "excluded_lines": 0, "percent_statements_covered": 100.0, "percent_statements_covered_display": "100"}, "missing_lines": [], "excluded_lines": [], "start_line": 124}, "": {"executed_lines": [1, 2, 3, 5, 6, 7, 8, 9, 10, 11, 12, 14, 15, 16, 18, 19, 20, 22, 24, 27, 28, 29, 30, 33, 40, 46, 51, 58, 69, 95, 121], "summary": {"covered_lines": 31, "num_statements": 31, "percent_covered": 100.0, "percent_covered_display": "100", "missing_lines": 0, "excluded_lines": 0, "percent_statements_covered": 100.0, "percent_statements_covered_display": "100"}, "missing_lines": [], "excluded_lines": [], "start_line": 1}}, "classes": {"UserRole": {"executed_lines": [], "summary": {"covered_lines": 0, "num_statements": 0, "percent_covered": 100.0, "percent_covered_display": "100", "missing_lines": 0, "excluded_lines": 0, "percent_statements_covered": 100.0, "percent_statements_covered_display": "100"}, "missing_lines": [], "excluded_lines": [], "start_line": 27}, "UserProfile": {"executed_lines": [], "summary": {"covered_lines": 0, "num_statements": 0, "percent_covered": 100.0, "percent_covered_display": "100", "missing_lines": 0, "excluded_lines": 0, "percent_statements_covered": 100.0, "percent_statements_covered_display": "100"}, "missing_lines": [], "excluded_lines": [], "start_line": 33}, "TokenData": {"executed_lines": [], "summary": {"covered_lines": 0, "num_statements": 0, "percent_covered": 100.0, "percent_covered_display": "100", "missing_lines": 0, "excluded_lines": 0, "percent_statements_covered": 100.0, "percent_statements_covered_display": "100"}, "missing_lines": [], "excluded_lines": [], "start_line": 40}, "": {"executed_lines": [1, 2, 3, 5, 6, 7, 8, 9, 10, 11, 12, 14, 15, 16, 18, 19, 20, 22, 24, 27, 28, 29, 30, 33, 40, 46, 48, 51, 52, 53, 54, 55, 58, 60, 61, 66, 69, 70, 71, 72, 73, 74, 76, 81, 82, 95, 99, 100, 105, 106, 107, 108, 113, 121, 122, 124, 125, 126, 130, 132], "summary": {"covered_lines": 60, "num_statements": 66, "percent_covered": 90.9090909090909, "percent_covered_display": "91", "missing_lines": 6, "excluded_lines": 0, "percent_statements_covered": 90.9090909090909, "percent_statements_covered_display": "91"}, "missing_lines": [77, 84, 85, 88, 89, 109], "excluded_lines": [], "start_line": 1}}}, "services/control-plane/app/core/config.py": {"executed_lines": [1, 3, 4, 7, 8, 17, 18, 19, 20, 21, 24, 25, 26, 27, 31, 32, 33, 34, 46, 47, 51, 52, 53, 54, 55, 56, 58, 59, 60, 61, 62, 76, 77, 78, 79, 82, 83, 84, 85, 86, 87, 88, 91, 92, 93, 94, 95, 96, 97, 98, 99, 100, 103, 104, 105, 106, 107, 110], "summary": {"covered_lines": 58, "num_statements": 71, "percent_covered": 81.69014084507042, "percent_covered_display": "82", "missing_lines": 13, "excluded_lines": 0, "percent_statements_covered": 81.69014084507042, "percent_statements_covered_display": "82"}, "missing_lines": [35, 36, 37, 39, 40, 41, 42, 43, 44, 45, 48, 63, 64], "excluded_lines": [], "functions": {"Settings.parse_allowed_origins": {"executed_lines": [34, 46, 47], "summary": {"covered_lines": 3, "num_statements": 14, "percent_covered": 21.428571428571427, "percent_covered_display": "21", "missing_lines": 11, "excluded_lines": 0, "percent_statements_covered": 21.428571428571427, "percent_statements_covered_display": "21"}, "missing_lines": [35, 36, 37, 39, 40, 41, 42, 43, 44, 45, 48], "excluded_lines": [], "start_line": 33}, "Settings.assemble_db_connection": {"executed_lines": [61, 62], "summary": {"covered_lines": 2, "num_statements": 4, "percent_covered": 50.0, "percent_covered_display": "50", "missing_lines": 2, "excluded_lines": 0, "percent_statements_covered": 50.0, "percent_statements_covered_display": "50"}, "missing_lines": [63, 64], "excluded_lines": [], "start_line": 60}, "": {"executed_lines": [1, 3, 4, 7, 8, 17, 18, 19, 20, 21, 24, 25, 26, 27, 31, 32, 33, 51, 52, 53, 54, 55, 56, 58, 59, 60, 76, 77, 78, 79, 82, 83, 84, 85, 86, 87, 88, 91, 92, 93, 94, 95, 96, 97, 98, 99, 100, 103, 104, 105, 106, 107, 110], "summary": {"covered_lines": 53, "num_statements": 53, "percent_covered": 100.0, "percent_covered_display": "100", "missing_lines": 0, "excluded_lines": 0, "percent_statements_covered": 100.0, "percent_statements_covered_display": "100"}, "missing_lines": [], "excluded_lines": [], "start_line": 1}}, "classes": {"Settings": {"executed_lines": [34, 46, 47, 61, 62], "summary": {"covered_lines": 5, "num_statements": 18, "percent_covered": 27.77777777777778, "percent_covered_display": "28", "missing_lines": 13, "excluded_lines": 0, "percent_statements_covered": 27.77777777777778, "percent_statements_covered_display": "28"}, "missing_lines": [35, 36, 37, 39, 40, 41, 42, 43, 44, 45, 48, 63, 64], "excluded_lines": [], "start_line": 7}, "": {"executed_lines": [1, 3, 4, 7, 8, 17, 18, 19, 20, 21, 24, 25, 26, 27, 31, 32, 33, 51, 52, 53, 54, 55, 56, 58, 59, 60, 76, 77, 78, 79, 82, 83, 84, 85, 86, 87, 88, 91, 92, 93, 94, 95, 96, 97, 98, 99, 100, 103, 104, 105, 106, 107, 110], "summary": {"covered_lines": 53, "num_statements": 53, "percent_covered": 100.0, "percent_covered_display": "100", "missing_lines": 0, "excluded_lines": 0, "percent_statements_covered": 100.0, "percent_statements_covered_display": "100"}, "missing_lines": [], "excluded_lines": [], "start_line": 1}}}, "services/control-plane/app/core/errors.py": {"executed_lines": [1, 2, 4, 5, 6, 9, 10, 12, 15, 16, 17, 18, 21, 22, 25, 26, 33, 34, 35, 36, 37, 40, 41, 42, 48, 54, 55, 56, 57, 58, 63, 69], "summary": {"covered_lines": 32, "num_statements": 35, "percent_covered": 91.42857142857143, "percent_covered_display": "91", "missing_lines": 3, "excluded_lines": 0, "percent_statements_covered": 91.42857142857143, "percent_statements_covered_display": "91"}, "missing_lines": [70, 71, 77], "excluded_lines": [], "functions": {"AppError.__init__": {"executed_lines": [33, 34, 35, 36, 37], "summary": {"covered_lines": 5, "num_statements": 5, "percent_covered": 100.0, "percent_covered_display": "100", "missing_lines": 0, "excluded_lines": 0, "percent_statements_covered": 100.0, "percent_statements_covered_display": "100"}, "missing_lines": [], "excluded_lines": [], "start_line": 26}, "app_error_handler": {"executed_lines": [41, 42, 48], "summary": {"covered_lines": 3, "num_statements": 3, "percent_covered": 100.0, "percent_covered_display": "100", "missing_lines": 0, "excluded_lines": 0, "percent_statements_covered": 100.0, "percent_statements_covered_display": "100"}, "missing_lines": [], "excluded_lines": [], "start_line": 40}, "http_exception_handler": {"executed_lines": [55, 56, 57, 58, 63], "summary": {"covered_lines": 5, "num_statements": 5, "percent_covered": 100.0, "percent_covered_display": "100", "missing_lines": 0, "excluded_lines": 0, "percent_statements_covered": 100.0, "percent_statements_covered_display": "100"}, "missing_lines": [], "excluded_lines": [], "start_line": 54}, "generic_exception_handler": {"executed_lines": [], "summary": {"covered_lines": 0, "num_statements": 3, "percent_covered": 0.0, "percent_covered_display": "0", "missing_lines": 3, "excluded_lines": 0, "percent_statements_covered": 0.0, "percent_statements_covered_display": "0"}, "missing_lines": [70, 71, 77], "excluded_lines": [], "start_line": 69}, "": {"executed_lines": [1, 2, 4, 5, 6, 9, 10, 12, 15, 16, 17, 18, 21, 22, 25, 26, 40, 54, 69], "summary": {"covered_lines": 19, "num_statements": 19, "percent_covered": 100.0, "percent_covered_display": "100", "missing_lines": 0, "excluded_lines": 0, "percent_statements_covered": 100.0, "percent_statements_covered_display": "100"}, "missing_lines": [], "excluded_lines": [], "start_line": 1}}, "classes": {"ErrorDetail": {"executed_lines": [], "summary": {"covered_lines": 0, "num_statements": 0, "percent_covered": 100.0, "percent_covered_display": "100", "missing_lines": 0, "excluded_lines": 0, "percent_statements_covered": 100.0, "percent_statements_covered_display": "100"}, "missing_lines": [], "excluded_lines": [], "start_line": 9}, "ErrorResponseContract": {"executed_lines": [], "summary": {"covered_lines": 0, "num_statements": 0, "percent_covered": 100.0, "percent_covered_display": "100", "missing_lines": 0, "excluded_lines": 0, "percent_statements_covered": 100.0, "percent_statements_covered_display": "100"}, "missing_lines": [], "excluded_lines": [], "start_line": 15}, "AppError": {"executed_lines": [33, 34, 35, 36, 37], "summary": {"covered_lines": 5, "num_statements": 5, "percent_covered": 100.0, "percent_covered_display": "100", "missing_lines": 0, "excluded_lines": 0, "percent_statements_covered": 100.0, "percent_statements_covered_display": "100"}, "missing_lines": [], "excluded_lines": [], "start_line": 25}, "": {"executed_lines": [1, 2, 4, 5, 6, 9, 10, 12, 15, 16, 17, 18, 21, 22, 25, 26, 40, 41, 42, 48, 54, 55, 56, 57, 58, 63, 69], "summary": {"covered_lines": 27, "num_statements": 30, "percent_covered": 90.0, "percent_covered_display": "90", "missing_lines": 3, "excluded_lines": 0, "percent_statements_covered": 90.0, "percent_statements_covered_display": "90"}, "missing_lines": [70, 71, 77], "excluded_lines": [], "start_line": 1}}}, "services/control-plane/app/core/logger.py": {"executed_lines": [1, 2, 3, 4, 7, 10, 14, 34], "summary": {"covered_lines": 8, "num_statements": 26, "percent_covered": 30.76923076923077, "percent_covered_display": "31", "missing_lines": 18, "excluded_lines": 0, "perce
[...]
, "missing_lines": [28, 30, 32, 48, 49, 50, 51, 52, 53, 62, 63, 64, 65, 66, 67, 68], "excluded_lines": [], "start_line": 20}, "_window_seconds": {"executed_lines": [], "summary": {"covered_lines": 0, "num_statements": 2, "percent_covered": 0.0, "percent_covered_display": "0", "missing_lines": 2, "excluded_lines": 0, "percent_statements_covered": 0.0, "percent_statements_covered_display": "0"}, "missing_lines": [78, 79], "excluded_lines": [], "start_line": 77}, "": {"executed_lines": [1, 2, 3, 4, 6, 8, 9, 11, 12, 13, 16, 17, 18, 20, 77], "summary": {"covered_lines": 15, "num_statements": 15, "percent_covered": 100.0, "percent_covered_display": "100", "missing_lines": 0, "excluded_lines": 0, "percent_statements_covered": 100.0, "percent_statements_covered_display": "100"}, "missing_lines": [], "excluded_lines": [], "start_line": 1}}, "classes": {"MetricsQueryTool": {"executed_lines": [27, 29, 31, 34, 35], "summary": {"covered_lines": 5, "num_statements": 21, "percent_covered": 23.80952380952381, "percent_covered_display": "24", "missing_lines": 16, "excluded_lines": 0, "percent_statements_covered": 23.80952380952381, "percent_statements_covered_display": "24"}, "missing_lines": [28, 30, 32, 48, 49, 50, 51, 52, 53, 62, 63, 64, 65, 66, 67, 68], "excluded_lines": [], "start_line": 16}, "": {"executed_lines": [1, 2, 3, 4, 6, 8, 9, 11, 12, 13, 16, 17, 18, 20, 77], "summary": {"covered_lines": 15, "num_statements": 17, "percent_covered": 88.23529411764706, "percent_covered_display": "88", "missing_lines": 2, "excluded_lines": 0, "percent_statements_covered": 88.23529411764706, "percent_statements_covered_display": "88"}, "missing_lines": [78, 79], "excluded_lines": [], "start_line": 1}}}, "services/control-plane/app/tools/impl/scenarios_metadata.py": {"executed_lines": [1, 3, 4, 7, 8, 9, 11], "summary": {"covered_lines": 7, "num_statements": 11, "percent_covered": 63.63636363636363, "percent_covered_display": "64", "missing_lines": 4, "excluded_lines": 0, "percent_statements_covered": 63.63636363636363, "percent_statements_covered_display": "64"}, "missing_lines": [12, 13, 14, 15], "excluded_lines": [], "functions": {"ScenariosGetSafeMetadataTool.execute": {"executed_lines": [], "summary": {"covered_lines": 0, "num_statements": 4, "percent_covered": 0.0, "percent_covered_display": "0", "missing_lines": 4, "excluded_lines": 0, "percent_statements_covered": 0.0, "percent_statements_covered_display": "0"}, "missing_lines": [12, 13, 14, 15], "excluded_lines": [], "start_line": 11}, "": {"executed_lines": [1, 3, 4, 7, 8, 9, 11], "summary": {"covered_lines": 7, "num_statements": 7, "percent_covered": 100.0, "percent_covered_display": "100", "missing_lines": 0, "excluded_lines": 0, "percent_statements_covered": 100.0, "percent_statements_covered_display": "100"}, "missing_lines": [], "excluded_lines": [], "start_line": 1}}, "classes": {"ScenariosGetSafeMetadataTool": {"executed_lines": [], "summary": {"covered_lines": 0, "num_statements": 4, "percent_covered": 0.0, "percent_covered_display": "0", "missing_lines": 4, "excluded_lines": 0, "percent_statements_covered": 0.0, "percent_statements_covered_display": "0"}, "missing_lines": [12, 13, 14, 15], "excluded_lines": [], "start_line": 7}, "": {"executed_lines": [1, 3, 4, 7, 8, 9, 11], "summary": {"covered_lines": 7, "num_statements": 7, "percent_covered": 100.0, "percent_covered_display": "100", "missing_lines": 0, "excluded_lines": 0, "percent_statements_covered": 100.0, "percent_statements_covered_display": "100"}, "missing_lines": [], "excluded_lines": [], "start_line": 1}}}, "services/control-plane/app/tools/impl/topology_get.py": {"executed_lines": [1, 3, 4, 7, 8, 9, 11, 12, 13], "summary": {"covered_lines": 9, "num_statements": 9, "percent_covered": 100.0, "percent_covered_display": "100", "missing_lines": 0, "excluded_lines": 0, "percent_statements_covered": 100.0, "percent_statements_covered_display": "100"}, "missing_lines": [], "excluded_lines": [], "functions": {"TopologyGetTool.execute": {"executed_lines": [12, 13], "summary": {"covered_lines": 2, "num_statements": 2, "percent_covered": 100.0, "percent_covered_display": "100", "missing_lines": 0, "excluded_lines": 0, "percent_statements_covered": 100.0, "percent_statements_covered_display": "100"}, "missing_lines": [], "excluded_lines": [], "start_line": 11}, "": {"executed_lines": [1, 3, 4, 7, 8, 9, 11], "summary": {"covered_lines": 7, "num_statements": 7, "percent_covered": 100.0, "percent_covered_display": "100", "missing_lines": 0, "excluded_lines": 0, "percent_statements_covered": 100.0, "percent_statements_covered_display": "100"}, "missing_lines": [], "excluded_lines": [], "start_line": 1}}, "classes": {"TopologyGetTool": {"executed_lines": [12, 13], "summary": {"covered_lines": 2, "num_statements": 2, "percent_covered": 100.0, "percent_covered_display": "100", "missing_lines": 0, "excluded_lines": 0, "percent_statements_covered": 100.0, "percent_statements_covered_display": "100"}, "missing_lines": [], "excluded_lines": [], "start_line": 7}, "": {"executed_lines": [1, 3, 4, 7, 8, 9, 11], "summary": {"covered_lines": 7, "num_statements": 7, "percent_covered": 100.0, "percent_covered_display": "100", "missing_lines": 0, "excluded_lines": 0, "percent_statements_covered": 100.0, "percent_statements_covered_display": "100"}, "missing_lines": [], "excluded_lines": [], "start_line": 1}}}, "services/control-plane/app/tools/impl/traces_get.py": {"executed_lines": [1, 2, 3, 5, 7, 8, 10, 13, 14, 15, 17, 55, 82], "summary": {"covered_lines": 13, "num_statements": 46, "percent_covered": 28.26086956521739, "percent_covered_display": "28", "missing_lines": 33, "excluded_lines": 0, "percent_statements_covered": 28.26086956521739, "percent_statements_covered_display": "28"}, "missing_lines": [22, 23, 24, 25, 26, 39, 40, 41, 44, 45, 46, 47, 48, 56, 57, 58, 59, 60, 61, 64, 65, 66, 67, 68, 79, 83, 84, 85, 86, 87, 88, 89, 90], "excluded_lines": [], "functions": {"TracesGetTool.execute": {"executed_lines": [], "summary": {"covered_lines": 0, "num_statements": 13, "percent_covered": 0.0, "percent_covered_display": "0", "missing_lines": 13, "excluded_lines": 0, "percent_statements_covered": 0.0, "percent_statements_covered_display": "0"}, "missing_lines": [22, 23, 24, 25, 26, 39, 40, 41, 44, 45, 46, 47, 48], "excluded_lines": [], "start_line": 17}, "_extract_spans": {"executed_lines": [], "summary": {"covered_lines": 0, "num_statements": 12, "percent_covered": 0.0, "percent_covered_display": "0", "missing_lines": 12, "excluded_lines": 0, "percent_statements_covered": 0.0, "percent_statements_covered_display": "0"}, "missing_lines": [56, 57, 58, 59, 60, 61, 64, 65, 66, 67, 68, 79], "excluded_lines": [], "start_line": 55}, "_attribute_value": {"executed_lines": [], "summary": {"covered_lines": 0, "num_statements": 8, "percent_covered": 0.0, "percent_covered_display": "0", "missing_lines": 8, "excluded_lines": 0, "percent_statements_covered": 0.0, "percent_statements_covered_display": "0"}, "missing_lines": [83, 84, 85, 86, 87, 88, 89, 90], "excluded_lines": [], "start_line": 82}, "": {"executed_lines": [1, 2, 3, 5, 7, 8, 10, 13, 14, 15, 17, 55, 82], "summary": {"covered_lines": 13, "num_statements": 13, "percent_covered": 100.0, "percent_covered_display": "100", "missing_lines": 0, "excluded_lines": 0, "percent_statements_covered": 100.0, "percent_statements_covered_display": "100"}, "missing_lines": [], "excluded_lines": [], "start_line": 1}}, "classes": {"TracesGetTool": {"executed_lines": [], "summary": {"covered_lines": 0, "num_statements": 13, "percent_covered": 0.0, "percent_covered_display": "0", "missing_lines": 13, "excluded_lines": 0, "percent_statements_covered": 0.0, "percent_statements_covered_display": "0"}, "missing_lines": [22, 23, 24, 25, 26, 39, 40, 41, 44, 45, 46, 47, 48], "excluded_lines": [], "start_line": 13}, "": {"executed_lines": [1, 2, 3, 5, 7, 8, 10, 13, 14, 15, 17, 55, 82], "summary": {"covered_lines": 13, "num_statements": 33, "percent_covered": 39.39393939393939, "percent_covered_display": "39", "missing_lines": 20, "excluded_lines": 0, "percent_statements_covered": 39.39393939393939, "percent_statements_covered_display": "39"}, "missing_lines": [56, 57, 58, 59, 60, 61, 64, 65, 66, 67, 68, 79, 83, 84, 85, 86, 87, 88, 89, 90], "excluded_lines": [], "start_line": 1}}}, "services/control-plane/app/tools/impl/traces_search.py": {"executed_lines": [1, 2, 4, 6, 7, 8, 11, 12, 13, 15, 23, 24, 26, 28, 29], "summary": {"covered_lines": 15, "num_statements": 31, "percent_covered": 48.38709677419355, "percent_covered_display": "48", "missing_lines": 16, "excluded_lines": 0, "percent_statements_covered": 48.38709677419355, "percent_statements_covered_display": "48"}, "missing_lines": [25, 27, 39, 40, 41, 42, 43, 44, 45, 46, 47, 51, 52, 53, 54, 56], "excluded_lines": [], "functions": {"TracesSearchTool.execute": {"executed_lines": [23, 24, 26, 28, 29], "summary": {"covered_lines": 5, "num_statements": 21, "percent_covered": 23.80952380952381, "percent_covered_display": "24", "missing_lines": 16, "excluded_lines": 0, "percent_statements_covered": 23.80952380952381, "percent_statements_covered_display": "24"}, "missing_lines": [25, 27, 39, 40, 41, 42, 43, 44, 45, 46, 47, 51, 52, 53, 54, 56], "excluded_lines": [], "start_line": 15}, "": {"executed_lines": [1, 2, 4, 6, 7, 8, 11, 12, 13, 15], "summary": {"covered_lines": 10, "num_statements": 10, "percent_covered": 100.0, "percent_covered_display": "100", "missing_lines": 0, "excluded_lines": 0, "percent_statements_covered": 100.0, "percent_statements_covered_display": "100"}, "missing_lines": [], "excluded_lines": [], "start_line": 1}}, "classes": {"TracesSearchTool": {"executed_lines": [23, 24, 26, 28, 29], "summary": {"covered_lines": 5, "num_statements": 21, "percent_covered": 23.80952380952381, "percent_covered_display": "24", "missing_lines": 16, "excluded_lines": 0, "percent_statements_covered": 23.80952380952381, "percent_statements_covered_display": "24"}, "missing_lines": [25, 27, 39, 40, 41, 42, 43, 44, 45, 46, 47, 51, 52, 53, 54, 56], "excluded_lines": [], "start_line": 11}, "": {"executed_lines": [1, 2, 4, 6, 7, 8, 11, 12, 13, 15], "summary": {"covered_lines": 10, "num_statements": 10, "percent_covered": 100.0, "percent_covered_display": "100", "missing_lines": 0, "excluded_lines": 0, "percent_statements_covered": 100.0, "percent_statements_covered_display": "100"}, "missing_lines": [], "excluded_lines": [], "start_line": 1}}}, "services/control-plane/app/tools/tool_base.py": {"executed_lines": [1, 2, 3, 4, 5, 6, 8, 10, 12, 15, 16, 17, 18, 19, 20, 21, 22, 25, 26, 27, 28, 29, 31, 32, 33, 35, 37, 40, 43, 44, 45, 46, 48, 55, 56, 57, 73], "summary": {"covered_lines": 37, "num_statements": 42, "percent_covered": 88.0952380952381, "percent_covered_display": "88", "missing_lines": 5, "excluded_lines": 0, "percent_statements_covered": 88.0952380952381, "percent_statements_covered_display": "88"}, "missing_lines": [63, 64, 65, 66, 74], "excluded_lines": [], "functions": {"BaseTool.run": {"executed_lines": [32, 33, 35, 37, 40, 43, 44, 45, 46, 48, 55, 56, 57], "summary": {"covered_lines": 13, "num_statements": 17, "percent_covered": 76.47058823529412, "percent_covered_display": "76", "missing_lines": 4, "excluded_lines": 0, "percent_statements_covered": 76.47058823529412, "percent_statements_covered_display": "76"}, "missing_lines": [63, 64, 65, 66], "excluded_lines": [], "start_line": 31}, "BaseTool.execute": {"executed_lines": [], "summary": {"covered_lines": 0, "num_statements": 1, "percent_covered": 0.0, "percent_covered_display": "0", "missing_lines": 1, "excluded_lines": 0, "percent_statements_covered": 0.0, "percent_statements_covered_display": "0"}, "missing_lines": [74], "excluded_lines": [], "start_line": 73}, "": {"executed_lines": [1, 2, 3, 4, 5, 6, 8, 10, 12, 15, 16, 17, 18, 19, 20, 21, 22, 25, 26, 27, 28, 29, 31, 73], "summary": {"covered_lines": 24, "num_statements": 24, "percent_covered": 100.0, "percent_covered_display": "100", "missing_lines": 0, "excluded_lines": 0, "percent_statements_covered": 100.0, "percent_statements_covered_display": "100"}, "missing_lines": [], "excluded_lines": [], "start_line": 1}}, "classes": {"ToolResult": {"executed_lines": [], "summary": {"covered_lines": 0, "num_statements": 0, "percent_covered": 100.0, "percent_covered_display": "100", "missing_lines": 0, "excluded_lines": 0, "percent_statements_covered": 100.0, "percent_statements_covered_display": "100"}, "missing_lines": [], "excluded_lines": [], "start_line": 15}, "BaseTool": {"executed_lines": [32, 33, 35, 37, 40, 43, 44, 45, 46, 48, 55, 56, 57], "summary": {"covered_lines": 13, "num_statements": 18, "percent_covered": 72.22222222222223, "percent_covered_display": "72", "missing_lines": 5, "excluded_lines": 0, "percent_statements_covered": 72.22222222222223, "percent_statements_covered_display": "72"}, "missing_lines": [63, 64, 65, 66, 74], "excluded_lines": [], "start_line": 25}, "": {"executed_lines": [1, 2, 3, 4, 5, 6, 8, 10, 12, 15, 16, 17, 18, 19, 20, 21, 22, 25, 26, 27, 28, 29, 31, 73], "summary": {"covered_lines": 24, "num_statements": 24, "percent_covered": 100.0, "percent_covered_display": "100", "missing_lines": 0, "excluded_lines": 0, "percent_statements_covered": 100.0, "percent_statements_covered_display": "100"}, "missing_lines": [], "excluded_lines": [], "start_line": 1}}}, "services/control-plane/app/tools/tool_registry.py": {"executed_lines": [1, 2, 3, 4, 5, 6, 8, 9, 11, 12, 13, 14, 15, 16, 17, 18, 19, 20, 21, 22, 23, 25, 28, 42, 43, 46, 50, 51, 54, 58, 59, 60, 61, 68, 71, 72, 73, 74, 77, 78, 81, 91, 92, 94, 97, 98, 99, 100, 101, 102, 114, 115, 116, 117], "summary": {"covered_lines": 54, "num_statements": 69, "percent_covered": 78.26086956521739, "percent_covered_display": "78", "missing_lines": 15, "excluded_lines": 0, "percent_statements_covered": 78.26086956521739, "percent_statements_covered_display": "78"}, "missing_lines": [47, 103, 104, 105, 106, 107, 108, 109, 111, 118, 119, 120, 125, 126, 128], "excluded_lines": [], "functions": {"get_tool": {"executed_lines": [], "summary": {"covered_lines": 0, "num_statements": 1, "percent_covered": 0.0, "percent_covered_display": "0", "missing_lines": 1, "excluded_lines": 0, "percent_statements_covered": 0.0, "percent_statements_covered_display": "0"}, "missing_lines": [47], "excluded_lines": [], "start_line": 46}, "list_registered_tools": {"executed_lines": [51], "summary": {"covered_lines": 1, "num_statements": 1, "percent_covered": 100.0, "percent_covered_display": "100", "missing_lines": 0, "excluded_lines": 0, "percent_statements_covered": 100.0, "percent_statements_covered_display": "100"}, "missing_lines": [], "excluded_lines": [], "start_line": 50}, "execute_tool": {"executed_lines": [58, 59, 60, 61, 68, 71, 72, 73, 74, 77, 78, 81, 91, 92, 94], "summary": {"covered_lines": 15, "num_statements": 15, "percent_covered": 100.0, "percent_covered_display": "100", "missing_lines": 0, "excluded_lines": 0, "percent_statements_covered": 100.0, "percent_statements_covered_display": "100"}, "missing_lines": [], "excluded_lines": [], "start_line": 54}, "_get_cached_result": {"executed_lines": [98, 99, 100, 101, 102], "summary": {"covered_lines": 5, "num_statements": 13, "percent_covered": 38.46153846153846, "percent_covered_display": "38", "missing_lines": 8, "excluded_lines": 0, "percent_statements_covered": 38.46153846153846, "percent_statements_covered_display": "38"}, "missing_lines": [103, 104, 105, 106, 107, 108, 109, 111], "excluded_lines": [], "start_line": 97}, "_cache_result": {"executed_lines": [115, 116, 117], "summary": {"covered_lines": 3, "num_statements": 9, "percent_covered": 33.333333333333336, "percent_covered_display": "33", "missing_lines": 6, "excluded_lines": 0, "percent_statements_covered": 33.333333333333336, "percent_statements_covered_display": "33"}, "missing_lines": [118, 119, 120, 125, 126, 128], "excluded_lines": [], "start_line": 114}, "": {"executed_lines": [1, 2, 3, 4, 5, 6, 8, 9, 11, 12, 13, 14, 15, 16, 17, 18, 19, 20, 21, 22, 23, 25, 28, 42, 43, 46, 50, 54, 97, 114], "summary": {"covered_lines": 30, "num_statements": 30, "percent_covered": 100.0, "percent_covered_display": "100", "missing_lines": 0, "excluded_lines": 0, "percent_statements_covered": 100.0, "percent_statements_covered_display": "100"}, "missing_lines": [], "excluded_lines": [], "start_line": 1}}, "classes": {"": {"executed_lines": [1, 2, 3, 4, 5, 6, 8, 9, 11, 12, 13, 14, 15, 16, 17, 18, 19, 20, 21, 22, 23, 25, 28, 42, 43, 46, 50, 51, 54, 58, 59, 60, 61, 68, 71, 72, 73, 74, 77, 78, 81, 91, 92, 94, 97, 98, 99, 100, 101, 102, 114, 115, 116, 117], "summary": {"covered_lines": 54, "num_statements": 69, "percent_covered": 78.26086956521739, "percent_covered_display": "78", "missing_lines": 15, "excluded_lines": 0, "percent_statements_covered": 78.26086956521739, "percent_statements_covered_display": "78"}, "missing_lines": [47, 103, 104, 105, 106, 107, 108, 109, 111, 118, 119, 120, 125, 126, 128], "excluded_lines": [], "start_line": 1}}}, "services/control-plane/app/worker.py": {"executed_lines": [3, 4, 6, 8, 9, 10, 11, 13, 14, 27, 33, 34, 39, 52, 53], "summary": {"covered_lines": 15, "num_statements": 23, "percent_covered": 65.21739130434783, "percent_covered_display": "65", "missing_lines": 8, "excluded_lines": 0, "percent_statements_covered": 65.21739130434783, "percent_statements_covered_display": "65"}, "missing_lines": [28, 29, 30, 36, 42, 43, 49, 57], "excluded_lines": [], "functions": {"_execute_investigation": {"executed_lines": [], "summary": {"covered_lines": 0, "num_statements": 3, "percent_covered": 0.0, "percent_covered_display": "0", "missing_lines": 3, "excluded_lines": 0, "percent_statements_covered": 0.0, "percent_statements_covered_display": "0"}, "missing_lines": [28, 29, 30], "excluded_lines": [], "start_line": 27}, "run_investigation_task": {"executed_lines": [], "summary": {"covered_lines": 0, "num_statements": 1, "percent_covered": 0.0, "percent_covered_display": "0", "missing_lines": 1, "excluded_lines": 0, "percent_statements_covered": 0.0, "percent_statements_covered_display": "0"}, "missing_lines": [36], "excluded_lines": [], "start_line": 34}, "_execute_evaluation": {"executed_lines": [], "summary": {"covered_lines": 0, "num_statements": 3, "percent_covered": 0.0, "percent_covered_display": "0", "missing_lines": 3, "excluded_lines": 0, "percent_statements_covered": 0.0, "percent_statements_covered_display": "0"}, "missing_lines": [42, 43, 49], "excluded_lines": [], "start_line": 39}, "run_evaluation_task": {"executed_lines": [], "summary": {"covered_lines": 0, "num_statements": 1, "percent_covered": 0.0, "percent_covered_display": "0", "missing_lines": 1, "excluded_lines": 0, "percent_statements_covered": 0.0, "percent_statements_covered_display": "0"}, "missing_lines": [57], "excluded_lines": [], "start_line": 53}, "": {"executed_lines": [3, 4, 6, 8, 9, 10, 11, 13, 14, 27, 33, 34, 39, 52, 53], "summary": {"covered_lines": 15, "num_statements": 15, "percent_covered": 100.0, "percent_covered_display": "100", "missing_lines": 0, "excluded_lines": 0, "percent_statements_covered": 100.0, "percent_statements_covered_display": "100"}, "missing_lines": [], "excluded_lines": [], "start_line": 1}}, "classes": {"": {"executed_lines": [3, 4, 6, 8, 9, 10, 11, 13, 14, 27, 33, 34, 39, 52, 53], "summary": {"covered_lines": 15, "num_statements": 23, "percent_covered": 65.21739130434783, "percent_covered_display": "65", "missing_lines": 8, "excluded_lines": 0, "percent_statements_covered": 65.21739130434783, "percent_statements_covered_display": "65"}, "missing_lines": [28, 29, 30, 36, 42, 43, 49, 57], "excluded_lines": [], "start_line": 1}}}}, "totals": {"covered_lines": 2611, "num_statements": 3310, "percent_covered": 78.8821752265861, "percent_covered_display": "79", "missing_lines": 699, "excluded_lines": 2, "percent_statements_covered": 78.8821752265861, "percent_statements_covered_display": "79"}}